The system is: Linux - 5.15.0-1018-gcp - x86_64
Compiling the C compiler identification source file "CMakeCCompilerId.c" succeeded.
Compiler: /nix/store/2qwnn6lizc9d119kp3zig3q19gbfm4n6-gcc-wrapper-10.3.0/bin/gcc 
Build flags: 
Id flags:  

The output was:
0


Compilation of the C compiler identification source "CMakeCCompilerId.c" produced "a.out"

The C compiler identification is GNU, found in "/home/runner/Planetary/build/CMakeFiles/3.21.2/CompilerIdC/a.out"

Compiling the CXX compiler identification source file "CMakeCXXCompilerId.cpp" succeeded.
Compiler: /nix/store/2qwnn6lizc9d119kp3zig3q19gbfm4n6-gcc-wrapper-10.3.0/bin/g++ 
Build flags: 
Id flags:  

The output was:
0


Compilation of the CXX compiler identification source "CMakeCXXCompilerId.cpp" produced "a.out"

The CXX compiler identification is GNU, found in "/home/runner/Planetary/build/CMakeFiles/3.21.2/CompilerIdCXX/a.out"

Detecting C compiler ABI info compiled with the following output:
Change Dir: /home/runner/Planetary/build/CMakeFiles/CMakeTmp

Run Build Command(s):/nix/store/msncxcf5lgy5by9cqjyxchxd26x47d64-gnumake-4.3/bin/make -f Makefile cmTC_42d24/fast && /nix/store/msncxcf5lgy5by9cqjyxchxd26x47d64-gnumake-4.3/bin/make  -f CMakeFiles/cmTC_42d24.dir/build.make CMakeFiles/cmTC_42d24.dir/build
make[1]: Entering directory '/home/runner/Planetary/build/CMakeFiles/CMakeTmp'
Building C object CMakeFiles/cmTC_42d24.dir/CMakeCCompilerABI.c.o
/nix/store/2qwnn6lizc9d119kp3zig3q19gbfm4n6-gcc-wrapper-10.3.0/bin/gcc   -v -o CMakeFiles/cmTC_42d24.dir/CMakeCCompilerABI.c.o -c /nix/store/g9kjv17sa0afmbzkra15xr0s8wfqnwan-cmake-3.21.2/share/cmake-3.21/Modules/CMakeCCompilerABI.c
Using built-in specs.
COLLECT_GCC=/nix/store/6r5h4h7nqx73m87j5b9sjwy2x9kyri0k-gcc-10.3.0/bin/gcc
Target: x86_64-unknown-linux-gnu
Configured with: 
Thread model: posix
Supported LTO compression algorithms: zlib
gcc version 10.3.0 (GCC) 
COLLECT_GCC_OPTIONS='-fPIC' '-Wformat=1' '-Wformat-security' '-Werror=format-security' '-fstack-protector-strong' '--param=ssp-buffer-size=4' '-O2' '-D' '_FORTIFY_SOURCE=2' '-fno-strict-overflow' '-v' '-o' 'CMakeFiles/cmTC_42d24.dir/CMakeCCompilerABI.c.o' '-c' '-B' '/nix/store/dd8swlwhpdhn6bv219562vyxhi8278hs-gcc-10.3.0-lib/lib' '-B' '/nix/store/65hafbsx91127farbmyyv4r5ifgjdg43-glibc-2.33-117/lib/' '-idirafter' '/nix/store/msy4nj4gscw9csc82labx0xvh7vqlfif-glibc-2.33-117-dev/include' '-idirafter' '/nix/store/6r5h4h7nqx73m87j5b9sjwy2x9kyri0k-gcc-10.3.0/lib/gcc/x86_64-unknown-linux-gnu/10.3.0/include-fixed' '-B' '/nix/store/2qwnn6lizc9d119kp3zig3q19gbfm4n6-gcc-wrapper-10.3.0/bin/' '-frandom-seed=3yh2ssyvpw' '-isystem' '/nix/store/wxjzgaa4j0hcrir8q27yrc5psnkchhfb-raylib-4.0.0/include' '-isystem' '/nix/store/ib22103xbd8x2kj9rdz03hfvb3q4hiq1-compiler-rt-libc-7.1.0-dev/include' '-isystem' '/nix/store/wxjzgaa4j0hcrir8q27yrc5psnkchhfb-raylib-4.0.0/include' '-isystem' '/nix/store/ib22103xbd8x2kj9rdz03hfvb3q4hiq1-compiler-rt-libc-7.1.0-dev/include' '-isystem' '/nix/store/wxjzgaa4j0hcrir8q27yrc5psnkchhfb-raylib-4.0.0/include' '-isystem' '/nix/store/ib22103xbd8x2kj9rdz03hfvb3q4hiq1-compiler-rt-libc-7.1.0-dev/include' '-mtune=generic' '-march=x86-64' '-fcommon'
 /nix/store/6r5h4h7nqx73m87j5b9sjwy2x9kyri0k-gcc-10.3.0/libexec/gcc/x86_64-unknown-linux-gnu/10.3.0/cc1 -quiet -v -D _FORTIFY_SOURCE=2 -idirafter /nix/store/msy4nj4gscw9csc82labx0xvh7vqlfif-glibc-2.33-117-dev/include -idirafter /nix/store/6r5h4h7nqx73m87j5b9sjwy2x9kyri0k-gcc-10.3.0/lib/gcc/x86_64-unknown-linux-gnu/10.3.0/include-fixed -isystem /nix/store/wxjzgaa4j0hcrir8q27yrc5psnkchhfb-raylib-4.0.0/include -isystem /nix/store/ib22103xbd8x2kj9rdz03hfvb3q4hiq1-compiler-rt-libc-7.1.0-dev/include -isystem /nix/store/wxjzgaa4j0hcrir8q27yrc5psnkchhfb-raylib-4.0.0/include -isystem /nix/store/ib22103xbd8x2kj9rdz03hfvb3q4hiq1-compiler-rt-libc-7.1.0-dev/include -isystem /nix/store/wxjzgaa4j0hcrir8q27yrc5psnkchhfb-raylib-4.0.0/include -isystem /nix/store/ib22103xbd8x2kj9rdz03hfvb3q4hiq1-compiler-rt-libc-7.1.0-dev/include /nix/store/g9kjv17sa0afmbzkra15xr0s8wfqnwan-cmake-3.21.2/share/cmake-3.21/Modules/CMakeCCompilerABI.c -quiet -dumpbase CMakeCCompilerABI.c -mtune=generic -march=x86-64 -auxbase-strip CMakeFiles/cmTC_42d24.dir/CMakeCCompilerABI.c.o -O2 -Wformat=1 -Wformat-security -Werror=format-security -version -fPIC -fstack-protector-strong -fno-strict-overflow -frandom-seed=3yh2ssyvpw -fcommon --param=ssp-buffer-size=4 -o /tmp/ccpQQ078.s
GNU C17 (GCC) version 10.3.0 (x86_64-unknown-linux-gnu)
	compiled by GNU C version 10.3.0, GMP version 6.2.1, MPFR version 4.1.0, MPC version 1.2.1, isl version isl-0.20-GMP

GGC heuristics: --param ggc-min-expand=100 --param ggc-min-heapsize=131072
ignoring duplicate directory "/nix/store/wxjzgaa4j0hcrir8q27yrc5psnkchhfb-raylib-4.0.0/include"
ignoring duplicate directory "/nix/store/ib22103xbd8x2kj9rdz03hfvb3q4hiq1-compiler-rt-libc-7.1.0-dev/include"
ignoring duplicate directory "/nix/store/wxjzgaa4j0hcrir8q27yrc5psnkchhfb-raylib-4.0.0/include"
ignoring duplicate directory "/nix/store/ib22103xbd8x2kj9rdz03hfvb3q4hiq1-compiler-rt-libc-7.1.0-dev/include"
ignoring nonexistent directory "/nix/store/6r5h4h7nqx73m87j5b9sjwy2x9kyri0k-gcc-10.3.0/lib/gcc/x86_64-unknown-linux-gnu/10.3.0/../../../../x86_64-unknown-linux-gnu/include"
ignoring duplicate directory "/nix/store/msy4nj4gscw9csc82labx0xvh7vqlfif-glibc-2.33-117-dev/include"
ignoring duplicate directory "/nix/store/6r5h4h7nqx73m87j5b9sjwy2x9kyri0k-gcc-10.3.0/lib/gcc/x86_64-unknown-linux-gnu/10.3.0/include-fixed"
#include "..." search starts here:
#include <...> search starts here:
 /nix/store/wxjzgaa4j0hcrir8q27yrc5psnkchhfb-raylib-4.0.0/include
 /nix/store/ib22103xbd8x2kj9rdz03hfvb3q4hiq1-compiler-rt-libc-7.1.0-dev/include
 /nix/store/6r5h4h7nqx73m87j5b9sjwy2x9kyri0k-gcc-10.3.0/lib/gcc/x86_64-unknown-linux-gnu/10.3.0/include
 /nix/store/6r5h4h7nqx73m87j5b9sjwy2x9kyri0k-gcc-10.3.0/include
 /nix/store/6r5h4h7nqx73m87j5b9sjwy2x9kyri0k-gcc-10.3.0/lib/gcc/x86_64-unknown-linux-gnu/10.3.0/include-fixed
 /nix/store/msy4nj4gscw9csc82labx0xvh7vqlfif-glibc-2.33-117-dev/include
End of search list.
GNU C17 (GCC) version 10.3.0 (x86_64-unknown-linux-gnu)
	compiled by GNU C version 10.3.0, GMP version 6.2.1, MPFR version 4.1.0, MPC version 1.2.1, isl version isl-0.20-GMP

GGC heuristics: --param ggc-min-expand=100 --param ggc-min-heapsize=131072
Compiler executable checksum: ee99f0766c60647dcdf72a8d4767be94
COLLECT_GCC_OPTIONS='-fPIC' '-Wformat=1' '-Wformat-security' '-Werror=format-security' '-fstack-protector-strong' '--param=ssp-buffer-size=4' '-O2' '-D' '_FORTIFY_SOURCE=2' '-fno-strict-overflow' '-v' '-o' 'CMakeFiles/cmTC_42d24.dir/CMakeCCompilerABI.c.o' '-c' '-B' '/nix/store/dd8swlwhpdhn6bv219562vyxhi8278hs-gcc-10.3.0-lib/lib' '-B' '/nix/store/65hafbsx91127farbmyyv4r5ifgjdg43-glibc-2.33-117/lib/' '-idirafter' '/nix/store/msy4nj4gscw9csc82labx0xvh7vqlfif-glibc-2.33-117-dev/include' '-idirafter' '/nix/store/6r5h4h7nqx73m87j5b9sjwy2x9kyri0k-gcc-10.3.0/lib/gcc/x86_64-unknown-linux-gnu/10.3.0/include-fixed' '-B' '/nix/store/2qwnn6lizc9d119kp3zig3q19gbfm4n6-gcc-wrapper-10.3.0/bin/' '-frandom-seed=3yh2ssyvpw' '-isystem' '/nix/store/wxjzgaa4j0hcrir8q27yrc5psnkchhfb-raylib-4.0.0/include' '-isystem' '/nix/store/ib22103xbd8x2kj9rdz03hfvb3q4hiq1-compiler-rt-libc-7.1.0-dev/include' '-isystem' '/nix/store/wxjzgaa4j0hcrir8q27yrc5psnkchhfb-raylib-4.0.0/include' '-isystem' '/nix/store/ib22103xbd8x2kj9rdz03hfvb3q4hiq1-compiler-rt-libc-7.1.0-dev/include' '-isystem' '/nix/store/wxjzgaa4j0hcrir8q27yrc5psnkchhfb-raylib-4.0.0/include' '-isystem' '/nix/store/ib22103xbd8x2kj9rdz03hfvb3q4hiq1-compiler-rt-libc-7.1.0-dev/include' '-mtune=generic' '-march=x86-64' '-fcommon'
 /nix/store/2qwnn6lizc9d119kp3zig3q19gbfm4n6-gcc-wrapper-10.3.0/bin/as -v --64 -o CMakeFiles/cmTC_42d24.dir/CMakeCCompilerABI.c.o /tmp/ccpQQ078.s
GNU assembler version 2.35.2 (x86_64-unknown-linux-gnu) using BFD version (GNU Binutils) 2.35.2
COMPILER_PATH=/nix/store/dd8swlwhpdhn6bv219562vyxhi8278hs-gcc-10.3.0-lib/lib/:/nix/store/65hafbsx91127farbmyyv4r5ifgjdg43-glibc-2.33-117/lib/:/nix/store/2qwnn6lizc9d119kp3zig3q19gbfm4n6-gcc-wrapper-10.3.0/bin/:/nix/store/6r5h4h7nqx73m87j5b9sjwy2x9kyri0k-gcc-10.3.0/libexec/gcc/x86_64-unknown-linux-gnu/10.3.0/:/nix/store/6r5h4h7nqx73m87j5b9sjwy2x9kyri0k-gcc-10.3.0/libexec/gcc/x86_64-unknown-linux-gnu/10.3.0/:/nix/store/6r5h4h7nqx73m87j5b9sjwy2x9kyri0k-gcc-10.3.0/libexec/gcc/x86_64-unknown-linux-gnu/:/nix/store/6r5h4h7nqx73m87j5b9sjwy2x9kyri0k-gcc-10.3.0/lib/gcc/x86_64-unknown-linux-gnu/10.3.0/:/nix/store/6r5h4h7nqx73m87j5b9sjwy2x9kyri0k-gcc-10.3.0/lib/gcc/x86_64-unknown-linux-gnu/
LIBRARY_PATH=/nix/store/dd8swlwhpdhn6bv219562vyxhi8278hs-gcc-10.3.0-lib/lib/:/nix/store/65hafbsx91127farbmyyv4r5ifgjdg43-glibc-2.33-117/lib/:/nix/store/2qwnn6lizc9d119kp3zig3q19gbfm4n6-gcc-wrapper-10.3.0/bin/:/nix/store/6r5h4h7nqx73m87j5b9sjwy2x9kyri0k-gcc-10.3.0/lib/gcc/x86_64-unknown-linux-gnu/10.3.0/:/nix/store/6r5h4h7nqx73m87j5b9sjwy2x9kyri0k-gcc-10.3.0/lib/gcc/x86_64-unknown-linux-gnu/10.3.0/../../../../lib64/:/nix/store/6r5h4h7nqx73m87j5b9sjwy2x9kyri0k-gcc-10.3.0/lib/gcc/x86_64-unknown-linux-gnu/10.3.0/../../../
COLLECT_GCC_OPTIONS='-fPIC' '-Wformat=1' '-Wformat-security' '-Werror=format-security' '-fstack-protector-strong' '--param=ssp-buffer-size=4' '-O2' '-D' '_FORTIFY_SOURCE=2' '-fno-strict-overflow' '-v' '-o' 'CMakeFiles/cmTC_42d24.dir/CMakeCCompilerABI.c.o' '-c' '-B' '/nix/store/dd8swlwhpdhn6bv219562vyxhi8278hs-gcc-10.3.0-lib/lib' '-B' '/nix/store/65hafbsx91127farbmyyv4r5ifgjdg43-glibc-2.33-117/lib/' '-idirafter' '/nix/store/msy4nj4gscw9csc82labx0xvh7vqlfif-glibc-2.33-117-dev/include' '-idirafter' '/nix/store/6r5h4h7nqx73m87j5b9sjwy2x9kyri0k-gcc-10.3.0/lib/gcc/x86_64-unknown-linux-gnu/10.3.0/include-fixed' '-B' '/nix/store/2qwnn6lizc9d119kp3zig3q19gbfm4n6-gcc-wrapper-10.3.0/bin/' '-frandom-seed=3yh2ssyvpw' '-isystem' '/nix/store/wxjzgaa4j0hcrir8q27yrc5psnkchhfb-raylib-4.0.0/include' '-isystem' '/nix/store/ib22103xbd8x2kj9rdz03hfvb3q4hiq1-compiler-rt-libc-7.1.0-dev/include' '-isystem' '/nix/store/wxjzgaa4j0hcrir8q27yrc5psnkchhfb-raylib-4.0.0/include' '-isystem' '/nix/store/ib22103xbd8x2kj9rdz03hfvb3q4hiq1-compiler-rt-libc-7.1.0-dev/include' '-isystem' '/nix/store/wxjzgaa4j0hcrir8q27yrc5psnkchhfb-raylib-4.0.0/include' '-isystem' '/nix/store/ib22103xbd8x2kj9rdz03hfvb3q4hiq1-compiler-rt-libc-7.1.0-dev/include' '-mtune=generic' '-march=x86-64' '-fcommon'
Linking C executable cmTC_42d24
/nix/store/g9kjv17sa0afmbzkra15xr0s8wfqnwan-cmake-3.21.2/bin/cmake -E cmake_link_script CMakeFiles/cmTC_42d24.dir/link.txt --verbose=1
/nix/store/2qwnn6lizc9d119kp3zig3q19gbfm4n6-gcc-wrapper-10.3.0/bin/gcc  -v CMakeFiles/cmTC_42d24.dir/CMakeCCompilerABI.c.o -o cmTC_42d24 
Using built-in specs.
COLLECT_GCC=/nix/store/6r5h4h7nqx73m87j5b9sjwy2x9kyri0k-gcc-10.3.0/bin/gcc
COLLECT_LTO_WRAPPER=/nix/store/6r5h4h7nqx73m87j5b9sjwy2x9kyri0k-gcc-10.3.0/libexec/gcc/x86_64-unknown-linux-gnu/10.3.0/lto-wrapper
Target: x86_64-unknown-linux-gnu
Configured with: 
Thread model: posix
Supported LTO compression algorithms: zlib
gcc version 10.3.0 (GCC) 
COMPILER_PATH=/nix/store/dd8swlwhpdhn6bv219562vyxhi8278hs-gcc-10.3.0-lib/lib/:/nix/store/65hafbsx91127farbmyyv4r5ifgjdg43-glibc-2.33-117/lib/:/nix/store/2qwnn6lizc9d119kp3zig3q19gbfm4n6-gcc-wrapper-10.3.0/bin/:/nix/store/6r5h4h7nqx73m87j5b9sjwy2x9kyri0k-gcc-10.3.0/libexec/gcc/x86_64-unknown-linux-gnu/10.3.0/:/nix/store/6r5h4h7nqx73m87j5b9sjwy2x9kyri0k-gcc-10.3.0/libexec/gcc/x86_64-unknown-linux-gnu/10.3.0/:/nix/store/6r5h4h7nqx73m87j5b9sjwy2x9kyri0k-gcc-10.3.0/libexec/gcc/x86_64-unknown-linux-gnu/:/nix/store/6r5h4h7nqx73m87j5b9sjwy2x9kyri0k-gcc-10.3.0/lib/gcc/x86_64-unknown-linux-gnu/10.3.0/:/nix/store/6r5h4h7nqx73m87j5b9sjwy2x9kyri0k-gcc-10.3.0/lib/gcc/x86_64-unknown-linux-gnu/
LIBRARY_PATH=/nix/store/dd8swlwhpdhn6bv219562vyxhi8278hs-gcc-10.3.0-lib/lib/:/nix/store/65hafbsx91127farbmyyv4r5ifgjdg43-glibc-2.33-117/lib/:/nix/store/2qwnn6lizc9d119kp3zig3q19gbfm4n6-gcc-wrapper-10.3.0/bin/:/nix/store/6r5h4h7nqx73m87j5b9sjwy2x9kyri0k-gcc-10.3.0/lib/gcc/x86_64-unknown-linux-gnu/10.3.0/:/nix/store/6r5h4h7nqx73m87j5b9sjwy2x9kyri0k-gcc-10.3.0/lib/gcc/x86_64-unknown-linux-gnu/10.3.0/../../../../lib64/:/nix/store/6r5h4h7nqx73m87j5b9sjwy2x9kyri0k-gcc-10.3.0/lib/gcc/x86_64-unknown-linux-gnu/10.3.0/../../../
COLLECT_GCC_OPTIONS='-fPIC' '-Wformat=1' '-Wformat-security' '-Werror=format-security' '-fstack-protector-strong' '--param=ssp-buffer-size=4' '-O2' '-D' '_FORTIFY_SOURCE=2' '-fno-strict-overflow' '-v' '-o' 'cmTC_42d24' '-B' '/nix/store/dd8swlwhpdhn6bv219562vyxhi8278hs-gcc-10.3.0-lib/lib' '-B' '/nix/store/65hafbsx91127farbmyyv4r5ifgjdg43-glibc-2.33-117/lib/' '-idirafter' '/nix/store/msy4nj4gscw9csc82labx0xvh7vqlfif-glibc-2.33-117-dev/include' '-idirafter' '/nix/store/6r5h4h7nqx73m87j5b9sjwy2x9kyri0k-gcc-10.3.0/lib/gcc/x86_64-unknown-linux-gnu/10.3.0/include-fixed' '-B' '/nix/store/2qwnn6lizc9d119kp3zig3q19gbfm4n6-gcc-wrapper-10.3.0/bin/' '-frandom-seed=3yh2ssyvpw' '-isystem' '/nix/store/wxjzgaa4j0hcrir8q27yrc5psnkchhfb-raylib-4.0.0/include' '-isystem' '/nix/store/ib22103xbd8x2kj9rdz03hfvb3q4hiq1-compiler-rt-libc-7.1.0-dev/include' '-isystem' '/nix/store/wxjzgaa4j0hcrir8q27yrc5psnkchhfb-raylib-4.0.0/include' '-isystem' '/nix/store/ib22103xbd8x2kj9rdz03hfvb3q4hiq1-compiler-rt-libc-7.1.0-dev/include' '-isystem' '/nix/store/wxjzgaa4j0hcrir8q27yrc5psnkchhfb-raylib-4.0.0/include' '-isystem' '/nix/store/ib22103xbd8x2kj9rdz03hfvb3q4hiq1-compiler-rt-libc-7.1.0-dev/include' '-L/nix/store/wxjzgaa4j0hcrir8q27yrc5psnkchhfb-raylib-4.0.0/lib' '-L/nix/store/wxjzgaa4j0hcrir8q27yrc5psnkchhfb-raylib-4.0.0/lib' '-L/nix/store/wxjzgaa4j0hcrir8q27yrc5psnkchhfb-raylib-4.0.0/lib' '-L/nix/store/65hafbsx91127farbmyyv4r5ifgjdg43-glibc-2.33-117/lib' '-L/nix/store/dd8swlwhpdhn6bv219562vyxhi8278hs-gcc-10.3.0-lib/lib' '-mtune=generic' '-march=x86-64' '-fcommon'
 /nix/store/6r5h4h7nqx73m87j5b9sjwy2x9kyri0k-gcc-10.3.0/libexec/gcc/x86_64-unknown-linux-gnu/10.3.0/collect2 -plugin /nix/store/6r5h4h7nqx73m87j5b9sjwy2x9kyri0k-gcc-10.3.0/libexec/gcc/x86_64-unknown-linux-gnu/10.3.0/liblto_plugin.so -plugin-opt=/nix/store/6r5h4h7nqx73m87j5b9sjwy2x9kyri0k-gcc-10.3.0/libexec/gcc/x86_64-unknown-linux-gnu/10.3.0/lto-wrapper -plugin-opt=-fresolution=/tmp/cc90vc8s.res -plugin-opt=-pass-through=-lgcc -plugin-opt=-pass-through=-lgcc_s -plugin-opt=-pass-through=-lc -plugin-opt=-pass-through=-lgcc -plugin-opt=-pass-through=-lgcc_s --eh-frame-hdr -m elf_x86_64 -dynamic-linker /nix/store/65hafbsx91127farbmyyv4r5ifgjdg43-glibc-2.33-117/lib64/ld-linux-x86-64.so.2 -o cmTC_42d24 /nix/store/65hafbsx91127farbmyyv4r5ifgjdg43-glibc-2.33-117/lib/crt1.o /nix/store/65hafbsx91127farbmyyv4r5ifgjdg43-glibc-2.33-117/lib/crti.o /nix/store/6r5h4h7nqx73m87j5b9sjwy2x9kyri0k-gcc-10.3.0/lib/gcc/x86_64-unknown-linux-gnu/10.3.0/crtbegin.o -L/nix/store/wxjzgaa4j0hcrir8q27yrc5psnkchhfb-raylib-4.0.0/lib -L/nix/store/wxjzgaa4j0hcrir8q27yrc5psnkchhfb-raylib-4.0.0/lib -L/nix/store/wxjzgaa4j0hcrir8q27yrc5psnkchhfb-raylib-4.0.0/lib -L/nix/store/65hafbsx91127farbmyyv4r5ifgjdg43-glibc-2.33-117/lib -L/nix/store/dd8swlwhpdhn6bv219562vyxhi8278hs-gcc-10.3.0-lib/lib -L/nix/store/dd8swlwhpdhn6bv219562vyxhi8278hs-gcc-10.3.0-lib/lib -L/nix/store/65hafbsx91127farbmyyv4r5ifgjdg43-glibc-2.33-117/lib -L/nix/store/2qwnn6lizc9d119kp3zig3q19gbfm4n6-gcc-wrapper-10.3.0/bin -L/nix/store/6r5h4h7nqx73m87j5b9sjwy2x9kyri0k-gcc-10.3.0/lib/gcc/x86_64-unknown-linux-gnu/10.3.0 -L/nix/store/6r5h4h7nqx73m87j5b9sjwy2x9kyri0k-gcc-10.3.0/lib/gcc/x86_64-unknown-linux-gnu/10.3.0/../../../../lib64 -L/nix/store/6r5h4h7nqx73m87j5b9sjwy2x9kyri0k-gcc-10.3.0/lib/gcc/x86_64-unknown-linux-gnu/10.3.0/../../.. -dynamic-linker=/nix/store/65hafbsx91127farbmyyv4r5ifgjdg43-glibc-2.33-117/lib/ld-linux-x86-64.so.2 CMakeFiles/cmTC_42d24.dir/CMakeCCompilerABI.c.o -rpath /nix/store/3yh2ssyvpw4m3y564205w623nyrs52p5-nix-shell/lib64 -rpath /nix/store/3yh2ssyvpw4m3y564205w623nyrs52p5-nix-shell/lib -lgcc --push-state --as-needed -lgcc_s --pop-state -lc -lgcc --push-state --as-needed -lgcc_s --pop-state /nix/store/6r5h4h7nqx73m87j5b9sjwy2x9kyri0k-gcc-10.3.0/lib/gcc/x86_64-unknown-linux-gnu/10.3.0/crtend.o /nix/store/65hafbsx91127farbmyyv4r5ifgjdg43-glibc-2.33-117/lib/crtn.o
COLLECT_GCC_OPTIONS='-fPIC' '-Wformat=1' '-Wformat-security' '-Werror=format-security' '-fstack-protector-strong' '--param=ssp-buffer-size=4' '-O2' '-D' '_FORTIFY_SOURCE=2' '-fno-strict-overflow' '-v' '-o' 'cmTC_42d24' '-B' '/nix/store/dd8swlwhpdhn6bv219562vyxhi8278hs-gcc-10.3.0-lib/lib' '-B' '/nix/store/65hafbsx91127farbmyyv4r5ifgjdg43-glibc-2.33-117/lib/' '-idirafter' '/nix/store/msy4nj4gscw9csc82labx0xvh7vqlfif-glibc-2.33-117-dev/include' '-idirafter' '/nix/store/6r5h4h7nqx73m87j5b9sjwy2x9kyri0k-gcc-10.3.0/lib/gcc/x86_64-unknown-linux-gnu/10.3.0/include-fixed' '-B' '/nix/store/2qwnn6lizc9d119kp3zig3q19gbfm4n6-gcc-wrapper-10.3.0/bin/' '-frandom-seed=3yh2ssyvpw' '-isystem' '/nix/store/wxjzgaa4j0hcrir8q27yrc5psnkchhfb-raylib-4.0.0/include' '-isystem' '/nix/store/ib22103xbd8x2kj9rdz03hfvb3q4hiq1-compiler-rt-libc-7.1.0-dev/include' '-isystem' '/nix/store/wxjzgaa4j0hcrir8q27yrc5psnkchhfb-raylib-4.0.0/include' '-isystem' '/nix/store/ib22103xbd8x2kj9rdz03hfvb3q4hiq1-compiler-rt-libc-7.1.0-dev/include' '-isystem' '/nix/store/wxjzgaa4j0hcrir8q27yrc5psnkchhfb-raylib-4.0.0/include' '-isystem' '/nix/store/ib22103xbd8x2kj9rdz03hfvb3q4hiq1-compiler-rt-libc-7.1.0-dev/include' '-L/nix/store/wxjzgaa4j0hcrir8q27yrc5psnkchhfb-raylib-4.0.0/lib' '-L/nix/store/wxjzgaa4j0hcrir8q27yrc5psnkchhfb-raylib-4.0.0/lib' '-L/nix/store/wxjzgaa4j0hcrir8q27yrc5psnkchhfb-raylib-4.0.0/lib' '-L/nix/store/65hafbsx91127farbmyyv4r5ifgjdg43-glibc-2.33-117/lib' '-L/nix/store/dd8swlwhpdhn6bv219562vyxhi8278hs-gcc-10.3.0-lib/lib' '-mtune=generic' '-march=x86-64' '-fcommon'
make[1]: Leaving directory '/home/runner/Planetary/build/CMakeFiles/CMakeTmp'



Parsed C implicit include dir info from above output: rv=done
  found start of include info
  found start of implicit include info
    add: [/nix/store/wxjzgaa4j0hcrir8q27yrc5psnkchhfb-raylib-4.0.0/include]
    add: [/nix/store/ib22103xbd8x2kj9rdz03hfvb3q4hiq1-compiler-rt-libc-7.1.0-dev/include]
    add: [/nix/store/6r5h4h7nqx73m87j5b9sjwy2x9kyri0k-gcc-10.3.0/lib/gcc/x86_64-unknown-linux-gnu/10.3.0/include]
    add: [/nix/store/6r5h4h7nqx73m87j5b9sjwy2x9kyri0k-gcc-10.3.0/include]
    add: [/nix/store/6r5h4h7nqx73m87j5b9sjwy2x9kyri0k-gcc-10.3.0/lib/gcc/x86_64-unknown-linux-gnu/10.3.0/include-fixed]
    add: [/nix/store/msy4nj4gscw9csc82labx0xvh7vqlfif-glibc-2.33-117-dev/include]
  end of search list found
  collapse include dir [/nix/store/wxjzgaa4j0hcrir8q27yrc5psnkchhfb-raylib-4.0.0/include] ==> [/nix/store/wxjzgaa4j0hcrir8q27yrc5psnkchhfb-raylib-4.0.0/include]
  collapse include dir [/nix/store/ib22103xbd8x2kj9rdz03hfvb3q4hiq1-compiler-rt-libc-7.1.0-dev/include] ==> [/nix/store/ib22103xbd8x2kj9rdz03hfvb3q4hiq1-compiler-rt-libc-7.1.0-dev/include]
  collapse include dir [/nix/store/6r5h4h7nqx73m87j5b9sjwy2x9kyri0k-gcc-10.3.0/lib/gcc/x86_64-unknown-linux-gnu/10.3.0/include] ==> [/nix/store/6r5h4h7nqx73m87j5b9sjwy2x9kyri0k-gcc-10.3.0/lib/gcc/x86_64-unknown-linux-gnu/10.3.0/include]
  collapse include dir [/nix/store/6r5h4h7nqx73m87j5b9sjwy2x9kyri0k-gcc-10.3.0/include] ==> [/nix/store/6r5h4h7nqx73m87j5b9sjwy2x9kyri0k-gcc-10.3.0/include]
  collapse include dir [/nix/store/6r5h4h7nqx73m87j5b9sjwy2x9kyri0k-gcc-10.3.0/lib/gcc/x86_64-unknown-linux-gnu/10.3.0/include-fixed] ==> [/nix/store/6r5h4h7nqx73m87j5b9sjwy2x9kyri0k-gcc-10.3.0/lib/gcc/x86_64-unknown-linux-gnu/10.3.0/include-fixed]
  collapse include dir [/nix/store/msy4nj4gscw9csc82labx0xvh7vqlfif-glibc-2.33-117-dev/include] ==> [/nix/store/msy4nj4gscw9csc82labx0xvh7vqlfif-glibc-2.33-117-dev/include]
  implicit include dirs: [/nix/store/wxjzgaa4j0hcrir8q27yrc5psnkchhfb-raylib-4.0.0/include;/nix/store/ib22103xbd8x2kj9rdz03hfvb3q4hiq1-compiler-rt-libc-7.1.0-dev/include;/nix/store/6r5h4h7nqx73m87j5b9sjwy2x9kyri0k-gcc-10.3.0/lib/gcc/x86_64-unknown-linux-gnu/10.3.0/include;/nix/store/6r5h4h7nqx73m87j5b9sjwy2x9kyri0k-gcc-10.3.0/include;/nix/store/6r5h4h7nqx73m87j5b9sjwy2x9kyri0k-gcc-10.3.0/lib/gcc/x86_64-unknown-linux-gnu/10.3.0/include-fixed;/nix/store/msy4nj4gscw9csc82labx0xvh7vqlfif-glibc-2.33-117-dev/include]


Parsed C implicit link information from above output:
  link line regex: [^( *|.*[/\])(ld|CMAKE_LINK_STARTFILE-NOTFOUND|([^/\]+-)?ld|collect2)[^/\]*( |$)]
  ignore line: [Change Dir: /home/runner/Planetary/build/CMakeFiles/CMakeTmp]
  ignore line: []
  ignore line: [Run Build Command(s):/nix/store/msncxcf5lgy5by9cqjyxchxd26x47d64-gnumake-4.3/bin/make -f Makefile cmTC_42d24/fast && /nix/store/msncxcf5lgy5by9cqjyxchxd26x47d64-gnumake-4.3/bin/make  -f CMakeFiles/cmTC_42d24.dir/build.make CMakeFiles/cmTC_42d24.dir/build]
  ignore line: [make[1]: Entering directory '/home/runner/Planetary/build/CMakeFiles/CMakeTmp']
  ignore line: [Building C object CMakeFiles/cmTC_42d24.dir/CMakeCCompilerABI.c.o]
  ignore line: [/nix/store/2qwnn6lizc9d119kp3zig3q19gbfm4n6-gcc-wrapper-10.3.0/bin/gcc   -v -o CMakeFiles/cmTC_42d24.dir/CMakeCCompilerABI.c.o -c /nix/store/g9kjv17sa0afmbzkra15xr0s8wfqnwan-cmake-3.21.2/share/cmake-3.21/Modules/CMakeCCompilerABI.c]
  ignore line: [Using built-in specs.]
  ignore line: [COLLECT_GCC=/nix/store/6r5h4h7nqx73m87j5b9sjwy2x9kyri0k-gcc-10.3.0/bin/gcc]
  ignore line: [Target: x86_64-unknown-linux-gnu]
  ignore line: [Configured with: ]
  ignore line: [Thread model: posix]
  ignore line: [Supported LTO compression algorithms: zlib]
  ignore line: [gcc version 10.3.0 (GCC) ]
  ignore line: [COLLECT_GCC_OPTIONS='-fPIC' '-Wformat=1' '-Wformat-security' '-Werror=format-security' '-fstack-protector-strong' '--param=ssp-buffer-size=4' '-O2' '-D' '_FORTIFY_SOURCE=2' '-fno-strict-overflow' '-v' '-o' 'CMakeFiles/cmTC_42d24.dir/CMakeCCompilerABI.c.o' '-c' '-B' '/nix/store/dd8swlwhpdhn6bv219562vyxhi8278hs-gcc-10.3.0-lib/lib' '-B' '/nix/store/65hafbsx91127farbmyyv4r5ifgjdg43-glibc-2.33-117/lib/' '-idirafter' '/nix/store/msy4nj4gscw9csc82labx0xvh7vqlfif-glibc-2.33-117-dev/include' '-idirafter' '/nix/store/6r5h4h7nqx73m87j5b9sjwy2x9kyri0k-gcc-10.3.0/lib/gcc/x86_64-unknown-linux-gnu/10.3.0/include-fixed' '-B' '/nix/store/2qwnn6lizc9d119kp3zig3q19gbfm4n6-gcc-wrapper-10.3.0/bin/' '-frandom-seed=3yh2ssyvpw' '-isystem' '/nix/store/wxjzgaa4j0hcrir8q27yrc5psnkchhfb-raylib-4.0.0/include' '-isystem' '/nix/store/ib22103xbd8x2kj9rdz03hfvb3q4hiq1-compiler-rt-libc-7.1.0-dev/include' '-isystem' '/nix/store/wxjzgaa4j0hcrir8q27yrc5psnkchhfb-raylib-4.0.0/include' '-isystem' '/nix/store/ib22103xbd8x2kj9rdz03hfvb3q4hiq1-compiler-rt-libc-7.1.0-dev/include' '-isystem' '/nix/store/wxjzgaa4j0hcrir8q27yrc5psnkchhfb-raylib-4.0.0/include' '-isystem' '/nix/store/ib22103xbd8x2kj9rdz03hfvb3q4hiq1-compiler-rt-libc-7.1.0-dev/include' '-mtune=generic' '-march=x86-64' '-fcommon']
  ignore line: [ /nix/store/6r5h4h7nqx73m87j5b9sjwy2x9kyri0k-gcc-10.3.0/libexec/gcc/x86_64-unknown-linux-gnu/10.3.0/cc1 -quiet -v -D _FORTIFY_SOURCE=2 -idirafter /nix/store/msy4nj4gscw9csc82labx0xvh7vqlfif-glibc-2.33-117-dev/include -idirafter /nix/store/6r5h4h7nqx73m87j5b9sjwy2x9kyri0k-gcc-10.3.0/lib/gcc/x86_64-unknown-linux-gnu/10.3.0/include-fixed -isystem /nix/store/wxjzgaa4j0hcrir8q27yrc5psnkchhfb-raylib-4.0.0/include -isystem /nix/store/ib22103xbd8x2kj9rdz03hfvb3q4hiq1-compiler-rt-libc-7.1.0-dev/include -isystem /nix/store/wxjzgaa4j0hcrir8q27yrc5psnkchhfb-raylib-4.0.0/include -isystem /nix/store/ib22103xbd8x2kj9rdz03hfvb3q4hiq1-compiler-rt-libc-7.1.0-dev/include -isystem /nix/store/wxjzgaa4j0hcrir8q27yrc5psnkchhfb-raylib-4.0.0/include -isystem /nix/store/ib22103xbd8x2kj9rdz03hfvb3q4hiq1-compiler-rt-libc-7.1.0-dev/include /nix/store/g9kjv17sa0afmbzkra15xr0s8wfqnwan-cmake-3.21.2/share/cmake-3.21/Modules/CMakeCCompilerABI.c -quiet -dumpbase CMakeCCompilerABI.c -mtune=generic -march=x86-64 -auxbase-strip CMakeFiles/cmTC_42d24.dir/CMakeCCompilerABI.c.o -O2 -Wformat=1 -Wformat-security -Werror=format-security -version -fPIC -fstack-protector-strong -fno-strict-overflow -frandom-seed=3yh2ssyvpw -fcommon --param=ssp-buffer-size=4 -o /tmp/ccpQQ078.s]
  ignore line: [GNU C17 (GCC) version 10.3.0 (x86_64-unknown-linux-gnu)]
  ignore line: [	compiled by GNU C version 10.3.0  GMP version 6.2.1  MPFR version 4.1.0  MPC version 1.2.1  isl version isl-0.20-GMP]
  ignore line: []
  ignore line: [GGC heuristics: --param ggc-min-expand=100 --param ggc-min-heapsize=131072]
  ignore line: [ignoring duplicate directory "/nix/store/wxjzgaa4j0hcrir8q27yrc5psnkchhfb-raylib-4.0.0/include"]
  ignore line: [ignoring duplicate directory "/nix/store/ib22103xbd8x2kj9rdz03hfvb3q4hiq1-compiler-rt-libc-7.1.0-dev/include"]
  ignore line: [ignoring duplicate directory "/nix/store/wxjzgaa4j0hcrir8q27yrc5psnkchhfb-raylib-4.0.0/include"]
  ignore line: [ignoring duplicate directory "/nix/store/ib22103xbd8x2kj9rdz03hfvb3q4hiq1-compiler-rt-libc-7.1.0-dev/include"]
  ignore line: [ignoring nonexistent directory "/nix/store/6r5h4h7nqx73m87j5b9sjwy2x9kyri0k-gcc-10.3.0/lib/gcc/x86_64-unknown-linux-gnu/10.3.0/../../../../x86_64-unknown-linux-gnu/include"]
  ignore line: [ignoring duplicate directory "/nix/store/msy4nj4gscw9csc82labx0xvh7vqlfif-glibc-2.33-117-dev/include"]
  ignore line: [ignoring duplicate directory "/nix/store/6r5h4h7nqx73m87j5b9sjwy2x9kyri0k-gcc-10.3.0/lib/gcc/x86_64-unknown-linux-gnu/10.3.0/include-fixed"]
  ignore line: [#include "..." search starts here:]
  ignore line: [#include <...> search starts here:]
  ignore line: [ /nix/store/wxjzgaa4j0hcrir8q27yrc5psnkchhfb-raylib-4.0.0/include]
  ignore line: [ /nix/store/ib22103xbd8x2kj9rdz03hfvb3q4hiq1-compiler-rt-libc-7.1.0-dev/include]
  ignore line: [ /nix/store/6r5h4h7nqx73m87j5b9sjwy2x9kyri0k-gcc-10.3.0/lib/gcc/x86_64-unknown-linux-gnu/10.3.0/include]
  ignore line: [ /nix/store/6r5h4h7nqx73m87j5b9sjwy2x9kyri0k-gcc-10.3.0/include]
  ignore line: [ /nix/store/6r5h4h7nqx73m87j5b9sjwy2x9kyri0k-gcc-10.3.0/lib/gcc/x86_64-unknown-linux-gnu/10.3.0/include-fixed]
  ignore line: [ /nix/store/msy4nj4gscw9csc82labx0xvh7vqlfif-glibc-2.33-117-dev/include]
  ignore line: [End of search list.]
  ignore line: [GNU C17 (GCC) version 10.3.0 (x86_64-unknown-linux-gnu)]
  ignore line: [	compiled by GNU C version 10.3.0  GMP version 6.2.1  MPFR version 4.1.0  MPC version 1.2.1  isl version isl-0.20-GMP]
  ignore line: []
  ignore line: [GGC heuristics: --param ggc-min-expand=100 --param ggc-min-heapsize=131072]
  ignore line: [Compiler executable checksum: ee99f0766c60647dcdf72a8d4767be94]
  ignore line: [COLLECT_GCC_OPTIONS='-fPIC' '-Wformat=1' '-Wformat-security' '-Werror=format-security' '-fstack-protector-strong' '--param=ssp-buffer-size=4' '-O2' '-D' '_FORTIFY_SOURCE=2' '-fno-strict-overflow' '-v' '-o' 'CMakeFiles/cmTC_42d24.dir/CMakeCCompilerABI.c.o' '-c' '-B' '/nix/store/dd8swlwhpdhn6bv219562vyxhi8278hs-gcc-10.3.0-lib/lib' '-B' '/nix/store/65hafbsx91127farbmyyv4r5ifgjdg43-glibc-2.33-117/lib/' '-idirafter' '/nix/store/msy4nj4gscw9csc82labx0xvh7vqlfif-glibc-2.33-117-dev/include' '-idirafter' '/nix/store/6r5h4h7nqx73m87j5b9sjwy2x9kyri0k-gcc-10.3.0/lib/gcc/x86_64-unknown-linux-gnu/10.3.0/include-fixed' '-B' '/nix/store/2qwnn6lizc9d119kp3zig3q19gbfm4n6-gcc-wrapper-10.3.0/bin/' '-frandom-seed=3yh2ssyvpw' '-isystem' '/nix/store/wxjzgaa4j0hcrir8q27yrc5psnkchhfb-raylib-4.0.0/include' '-isystem' '/nix/store/ib22103xbd8x2kj9rdz03hfvb3q4hiq1-compiler-rt-libc-7.1.0-dev/include' '-isystem' '/nix/store/wxjzgaa4j0hcrir8q27yrc5psnkchhfb-raylib-4.0.0/include' '-isystem' '/nix/store/ib22103xbd8x2kj9rdz03hfvb3q4hiq1-compiler-rt-libc-7.1.0-dev/include' '-isystem' '/nix/store/wxjzgaa4j0hcrir8q27yrc5psnkchhfb-raylib-4.0.0/include' '-isystem' '/nix/store/ib22103xbd8x2kj9rdz03hfvb3q4hiq1-compiler-rt-libc-7.1.0-dev/include' '-mtune=generic' '-march=x86-64' '-fcommon']
  ignore line: [ /nix/store/2qwnn6lizc9d119kp3zig3q19gbfm4n6-gcc-wrapper-10.3.0/bin/as -v --64 -o CMakeFiles/cmTC_42d24.dir/CMakeCCompilerABI.c.o /tmp/ccpQQ078.s]
  ignore line: [GNU assembler version 2.35.2 (x86_64-unknown-linux-gnu) using BFD version (GNU Binutils) 2.35.2]
  ignore line: [COMPILER_PATH=/nix/store/dd8swlwhpdhn6bv219562vyxhi8278hs-gcc-10.3.0-lib/lib/:/nix/store/65hafbsx91127farbmyyv4r5ifgjdg43-glibc-2.33-117/lib/:/nix/store/2qwnn6lizc9d119kp3zig3q19gbfm4n6-gcc-wrapper-10.3.0/bin/:/nix/store/6r5h4h7nqx73m87j5b9sjwy2x9kyri0k-gcc-10.3.0/libexec/gcc/x86_64-unknown-linux-gnu/10.3.0/:/nix/store/6r5h4h7nqx73m87j5b9sjwy2x9kyri0k-gcc-10.3.0/libexec/gcc/x86_64-unknown-linux-gnu/10.3.0/:/nix/store/6r5h4h7nqx73m87j5b9sjwy2x9kyri0k-gcc-10.3.0/libexec/gcc/x86_64-unknown-linux-gnu/:/nix/store/6r5h4h7nqx73m87j5b9sjwy2x9kyri0k-gcc-10.3.0/lib/gcc/x86_64-unknown-linux-gnu/10.3.0/:/nix/store/6r5h4h7nqx73m87j5b9sjwy2x9kyri0k-gcc-10.3.0/lib/gcc/x86_64-unknown-linux-gnu/]
  ignore line: [LIBRARY_PATH=/nix/store/dd8swlwhpdhn6bv219562vyxhi8278hs-gcc-10.3.0-lib/lib/:/nix/store/65hafbsx91127farbmyyv4r5ifgjdg43-glibc-2.33-117/lib/:/nix/store/2qwnn6lizc9d119kp3zig3q19gbfm4n6-gcc-wrapper-10.3.0/bin/:/nix/store/6r5h4h7nqx73m87j5b9sjwy2x9kyri0k-gcc-10.3.0/lib/gcc/x86_64-unknown-linux-gnu/10.3.0/:/nix/store/6r5h4h7nqx73m87j5b9sjwy2x9kyri0k-gcc-10.3.0/lib/gcc/x86_64-unknown-linux-gnu/10.3.0/../../../../lib64/:/nix/store/6r5h4h7nqx73m87j5b9sjwy2x9kyri0k-gcc-10.3.0/lib/gcc/x86_64-unknown-linux-gnu/10.3.0/../../../]
  ignore line: [COLLECT_GCC_OPTIONS='-fPIC' '-Wformat=1' '-Wformat-security' '-Werror=format-security' '-fstack-protector-strong' '--param=ssp-buffer-size=4' '-O2' '-D' '_FORTIFY_SOURCE=2' '-fno-strict-overflow' '-v' '-o' 'CMakeFiles/cmTC_42d24.dir/CMakeCCompilerABI.c.o' '-c' '-B' '/nix/store/dd8swlwhpdhn6bv219562vyxhi8278hs-gcc-10.3.0-lib/lib' '-B' '/nix/store/65hafbsx91127farbmyyv4r5ifgjdg43-glibc-2.33-117/lib/' '-idirafter' '/nix/store/msy4nj4gscw9csc82labx0xvh7vqlfif-glibc-2.33-117-dev/include' '-idirafter' '/nix/store/6r5h4h7nqx73m87j5b9sjwy2x9kyri0k-gcc-10.3.0/lib/gcc/x86_64-unknown-linux-gnu/10.3.0/include-fixed' '-B' '/nix/store/2qwnn6lizc9d119kp3zig3q19gbfm4n6-gcc-wrapper-10.3.0/bin/' '-frandom-seed=3yh2ssyvpw' '-isystem' '/nix/store/wxjzgaa4j0hcrir8q27yrc5psnkchhfb-raylib-4.0.0/include' '-isystem' '/nix/store/ib22103xbd8x2kj9rdz03hfvb3q4hiq1-compiler-rt-libc-7.1.0-dev/include' '-isystem' '/nix/store/wxjzgaa4j0hcrir8q27yrc5psnkchhfb-raylib-4.0.0/include' '-isystem' '/nix/store/ib22103xbd8x2kj9rdz03hfvb3q4hiq1-compiler-rt-libc-7.1.0-dev/include' '-isystem' '/nix/store/wxjzgaa4j0hcrir8q27yrc5psnkchhfb-raylib-4.0.0/include' '-isystem' '/nix/store/ib22103xbd8x2kj9rdz03hfvb3q4hiq1-compiler-rt-libc-7.1.0-dev/include' '-mtune=generic' '-march=x86-64' '-fcommon']
  ignore line: [Linking C executable cmTC_42d24]
  ignore line: [/nix/store/g9kjv17sa0afmbzkra15xr0s8wfqnwan-cmake-3.21.2/bin/cmake -E cmake_link_script CMakeFiles/cmTC_42d24.dir/link.txt --verbose=1]
  ignore line: [/nix/store/2qwnn6lizc9d119kp3zig3q19gbfm4n6-gcc-wrapper-10.3.0/bin/gcc  -v CMakeFiles/cmTC_42d24.dir/CMakeCCompilerABI.c.o -o cmTC_42d24 ]
  ignore line: [Using built-in specs.]
  ignore line: [COLLECT_GCC=/nix/store/6r5h4h7nqx73m87j5b9sjwy2x9kyri0k-gcc-10.3.0/bin/gcc]
  ignore line: [COLLECT_LTO_WRAPPER=/nix/store/6r5h4h7nqx73m87j5b9sjwy2x9kyri0k-gcc-10.3.0/libexec/gcc/x86_64-unknown-linux-gnu/10.3.0/lto-wrapper]
  ignore line: [Target: x86_64-unknown-linux-gnu]
  ignore line: [Configured with: ]
  ignore line: [Thread model: posix]
  ignore line: [Supported LTO compression algorithms: zlib]
  ignore line: [gcc version 10.3.0 (GCC) ]
  ignore line: [COMPILER_PATH=/nix/store/dd8swlwhpdhn6bv219562vyxhi8278hs-gcc-10.3.0-lib/lib/:/nix/store/65hafbsx91127farbmyyv4r5ifgjdg43-glibc-2.33-117/lib/:/nix/store/2qwnn6lizc9d119kp3zig3q19gbfm4n6-gcc-wrapper-10.3.0/bin/:/nix/store/6r5h4h7nqx73m87j5b9sjwy2x9kyri0k-gcc-10.3.0/libexec/gcc/x86_64-unknown-linux-gnu/10.3.0/:/nix/store/6r5h4h7nqx73m87j5b9sjwy2x9kyri0k-gcc-10.3.0/libexec/gcc/x86_64-unknown-linux-gnu/10.3.0/:/nix/store/6r5h4h7nqx73m87j5b9sjwy2x9kyri0k-gcc-10.3.0/libexec/gcc/x86_64-unknown-linux-gnu/:/nix/store/6r5h4h7nqx73m87j5b9sjwy2x9kyri0k-gcc-10.3.0/lib/gcc/x86_64-unknown-linux-gnu/10.3.0/:/nix/store/6r5h4h7nqx73m87j5b9sjwy2x9kyri0k-gcc-10.3.0/lib/gcc/x86_64-unknown-linux-gnu/]
  ignore line: [LIBRARY_PATH=/nix/store/dd8swlwhpdhn6bv219562vyxhi8278hs-gcc-10.3.0-lib/lib/:/nix/store/65hafbsx91127farbmyyv4r5ifgjdg43-glibc-2.33-117/lib/:/nix/store/2qwnn6lizc9d119kp3zig3q19gbfm4n6-gcc-wrapper-10.3.0/bin/:/nix/store/6r5h4h7nqx73m87j5b9sjwy2x9kyri0k-gcc-10.3.0/lib/gcc/x86_64-unknown-linux-gnu/10.3.0/:/nix/store/6r5h4h7nqx73m87j5b9sjwy2x9kyri0k-gcc-10.3.0/lib/gcc/x86_64-unknown-linux-gnu/10.3.0/../../../../lib64/:/nix/store/6r5h4h7nqx73m87j5b9sjwy2x9kyri0k-gcc-10.3.0/lib/gcc/x86_64-unknown-linux-gnu/10.3.0/../../../]
  ignore line: [COLLECT_GCC_OPTIONS='-fPIC' '-Wformat=1' '-Wformat-security' '-Werror=format-security' '-fstack-protector-strong' '--param=ssp-buffer-size=4' '-O2' '-D' '_FORTIFY_SOURCE=2' '-fno-strict-overflow' '-v' '-o' 'cmTC_42d24' '-B' '/nix/store/dd8swlwhpdhn6bv219562vyxhi8278hs-gcc-10.3.0-lib/lib' '-B' '/nix/store/65hafbsx91127farbmyyv4r5ifgjdg43-glibc-2.33-117/lib/' '-idirafter' '/nix/store/msy4nj4gscw9csc82labx0xvh7vqlfif-glibc-2.33-117-dev/include' '-idirafter' '/nix/store/6r5h4h7nqx73m87j5b9sjwy2x9kyri0k-gcc-10.3.0/lib/gcc/x86_64-unknown-linux-gnu/10.3.0/include-fixed' '-B' '/nix/store/2qwnn6lizc9d119kp3zig3q19gbfm4n6-gcc-wrapper-10.3.0/bin/' '-frandom-seed=3yh2ssyvpw' '-isystem' '/nix/store/wxjzgaa4j0hcrir8q27yrc5psnkchhfb-raylib-4.0.0/include' '-isystem' '/nix/store/ib22103xbd8x2kj9rdz03hfvb3q4hiq1-compiler-rt-libc-7.1.0-dev/include' '-isystem' '/nix/store/wxjzgaa4j0hcrir8q27yrc5psnkchhfb-raylib-4.0.0/include' '-isystem' '/nix/store/ib22103xbd8x2kj9rdz03hfvb3q4hiq1-compiler-rt-libc-7.1.0-dev/include' '-isystem' '/nix/store/wxjzgaa4j0hcrir8q27yrc5psnkchhfb-raylib-4.0.0/include' '-isystem' '/nix/store/ib22103xbd8x2kj9rdz03hfvb3q4hiq1-compiler-rt-libc-7.1.0-dev/include' '-L/nix/store/wxjzgaa4j0hcrir8q27yrc5psnkchhfb-raylib-4.0.0/lib' '-L/nix/store/wxjzgaa4j0hcrir8q27yrc5psnkchhfb-raylib-4.0.0/lib' '-L/nix/store/wxjzgaa4j0hcrir8q27yrc5psnkchhfb-raylib-4.0.0/lib' '-L/nix/store/65hafbsx91127farbmyyv4r5ifgjdg43-glibc-2.33-117/lib' '-L/nix/store/dd8swlwhpdhn6bv219562vyxhi8278hs-gcc-10.3.0-lib/lib' '-mtune=generic' '-march=x86-64' '-fcommon']
  link line: [ /nix/store/6r5h4h7nqx73m87j5b9sjwy2x9kyri0k-gcc-10.3.0/libexec/gcc/x86_64-unknown-linux-gnu/10.3.0/collect2 -plugin /nix/store/6r5h4h7nqx73m87j5b9sjwy2x9kyri0k-gcc-10.3.0/libexec/gcc/x86_64-unknown-linux-gnu/10.3.0/liblto_plugin.so -plugin-opt=/nix/store/6r5h4h7nqx73m87j5b9sjwy2x9kyri0k-gcc-10.3.0/libexec/gcc/x86_64-unknown-linux-gnu/10.3.0/lto-wrapper -plugin-opt=-fresolution=/tmp/cc90vc8s.res -plugin-opt=-pass-through=-lgcc -plugin-opt=-pass-through=-lgcc_s -plugin-opt=-pass-through=-lc -plugin-opt=-pass-through=-lgcc -plugin-opt=-pass-through=-lgcc_s --eh-frame-hdr -m elf_x86_64 -dynamic-linker /nix/store/65hafbsx91127farbmyyv4r5ifgjdg43-glibc-2.33-117/lib64/ld-linux-x86-64.so.2 -o cmTC_42d24 /nix/store/65hafbsx91127farbmyyv4r5ifgjdg43-glibc-2.33-117/lib/crt1.o /nix/store/65hafbsx91127farbmyyv4r5ifgjdg43-glibc-2.33-117/lib/crti.o /nix/store/6r5h4h7nqx73m87j5b9sjwy2x9kyri0k-gcc-10.3.0/lib/gcc/x86_64-unknown-linux-gnu/10.3.0/crtbegin.o -L/nix/store/wxjzgaa4j0hcrir8q27yrc5psnkchhfb-raylib-4.0.0/lib -L/nix/store/wxjzgaa4j0hcrir8q27yrc5psnkchhfb-raylib-4.0.0/lib -L/nix/store/wxjzgaa4j0hcrir8q27yrc5psnkchhfb-raylib-4.0.0/lib -L/nix/store/65hafbsx91127farbmyyv4r5ifgjdg43-glibc-2.33-117/lib -L/nix/store/dd8swlwhpdhn6bv219562vyxhi8278hs-gcc-10.3.0-lib/lib -L/nix/store/dd8swlwhpdhn6bv219562vyxhi8278hs-gcc-10.3.0-lib/lib -L/nix/store/65hafbsx91127farbmyyv4r5ifgjdg43-glibc-2.33-117/lib -L/nix/store/2qwnn6lizc9d119kp3zig3q19gbfm4n6-gcc-wrapper-10.3.0/bin -L/nix/store/6r5h4h7nqx73m87j5b9sjwy2x9kyri0k-gcc-10.3.0/lib/gcc/x86_64-unknown-linux-gnu/10.3.0 -L/nix/store/6r5h4h7nqx73m87j5b9sjwy2x9kyri0k-gcc-10.3.0/lib/gcc/x86_64-unknown-linux-gnu/10.3.0/../../../../lib64 -L/nix/store/6r5h4h7nqx73m87j5b9sjwy2x9kyri0k-gcc-10.3.0/lib/gcc/x86_64-unknown-linux-gnu/10.3.0/../../.. -dynamic-linker=/nix/store/65hafbsx91127farbmyyv4r5ifgjdg43-glibc-2.33-117/lib/ld-linux-x86-64.so.2 CMakeFiles/cmTC_42d24.dir/CMakeCCompilerABI.c.o -rpath /nix/store/3yh2ssyvpw4m3y564205w623nyrs52p5-nix-shell/lib64 -rpath /nix/store/3yh2ssyvpw4m3y564205w623nyrs52p5-nix-shell/lib -lgcc --push-state --as-needed -lgcc_s --pop-state -lc -lgcc --push-state --as-needed -lgcc_s --pop-state /nix/store/6r5h4h7nqx73m87j5b9sjwy2x9kyri0k-gcc-10.3.0/lib/gcc/x86_64-unknown-linux-gnu/10.3.0/crtend.o /nix/store/65hafbsx91127farbmyyv4r5ifgjdg43-glibc-2.33-117/lib/crtn.o]
    arg [/nix/store/6r5h4h7nqx73m87j5b9sjwy2x9kyri0k-gcc-10.3.0/libexec/gcc/x86_64-unknown-linux-gnu/10.3.0/collect2] ==> ignore
    arg [-plugin] ==> ignore
    arg [/nix/store/6r5h4h7nqx73m87j5b9sjwy2x9kyri0k-gcc-10.3.0/libexec/gcc/x86_64-unknown-linux-gnu/10.3.0/liblto_plugin.so] ==> ignore
    arg [-plugin-opt=/nix/store/6r5h4h7nqx73m87j5b9sjwy2x9kyri0k-gcc-10.3.0/libexec/gcc/x86_64-unknown-linux-gnu/10.3.0/lto-wrapper] ==> ignore
    arg [-plugin-opt=-fresolution=/tmp/cc90vc8s.res] ==> ignore
    arg [-plugin-opt=-pass-through=-lgcc] ==> ignore
    arg [-plugin-opt=-pass-through=-lgcc_s] ==> ignore
    arg [-plugin-opt=-pass-through=-lc] ==> ignore
    arg [-plugin-opt=-pass-through=-lgcc] ==> ignore
    arg [-plugin-opt=-pass-through=-lgcc_s] ==> ignore
    arg [--eh-frame-hdr] ==> ignore
    arg [-m] ==> ignore
    arg [elf_x86_64] ==> ignore
    arg [-dynamic-linker] ==> ignore
    arg [/nix/store/65hafbsx91127farbmyyv4r5ifgjdg43-glibc-2.33-117/lib64/ld-linux-x86-64.so.2] ==> ignore
    arg [-o] ==> ignore
    arg [cmTC_42d24] ==> ignore
    arg [/nix/store/65hafbsx91127farbmyyv4r5ifgjdg43-glibc-2.33-117/lib/crt1.o] ==> obj [/nix/store/65hafbsx91127farbmyyv4r5ifgjdg43-glibc-2.33-117/lib/crt1.o]
    arg [/nix/store/65hafbsx91127farbmyyv4r5ifgjdg43-glibc-2.33-117/lib/crti.o] ==> obj [/nix/store/65hafbsx91127farbmyyv4r5ifgjdg43-glibc-2.33-117/lib/crti.o]
    arg [/nix/store/6r5h4h7nqx73m87j5b9sjwy2x9kyri0k-gcc-10.3.0/lib/gcc/x86_64-unknown-linux-gnu/10.3.0/crtbegin.o] ==> obj [/nix/store/6r5h4h7nqx73m87j5b9sjwy2x9kyri0k-gcc-10.3.0/lib/gcc/x86_64-unknown-linux-gnu/10.3.0/crtbegin.o]
    arg [-L/nix/store/wxjzgaa4j0hcrir8q27yrc5psnkchhfb-raylib-4.0.0/lib] ==> dir [/nix/store/wxjzgaa4j0hcrir8q27yrc5psnkchhfb-raylib-4.0.0/lib]
    arg [-L/nix/store/wxjzgaa4j0hcrir8q27yrc5psnkchhfb-raylib-4.0.0/lib] ==> dir [/nix/store/wxjzgaa4j0hcrir8q27yrc5psnkchhfb-raylib-4.0.0/lib]
    arg [-L/nix/store/wxjzgaa4j0hcrir8q27yrc5psnkchhfb-raylib-4.0.0/lib] ==> dir [/nix/store/wxjzgaa4j0hcrir8q27yrc5psnkchhfb-raylib-4.0.0/lib]
    arg [-L/nix/store/65hafbsx91127farbmyyv4r5ifgjdg43-glibc-2.33-117/lib] ==> dir [/nix/store/65hafbsx91127farbmyyv4r5ifgjdg43-glibc-2.33-117/lib]
    arg [-L/nix/store/dd8swlwhpdhn6bv219562vyxhi8278hs-gcc-10.3.0-lib/lib] ==> dir [/nix/store/dd8swlwhpdhn6bv219562vyxhi8278hs-gcc-10.3.0-lib/lib]
    arg [-L/nix/store/dd8swlwhpdhn6bv219562vyxhi8278hs-gcc-10.3.0-lib/lib] ==> dir [/nix/store/dd8swlwhpdhn6bv219562vyxhi8278hs-gcc-10.3.0-lib/lib]
    arg [-L/nix/store/65hafbsx91127farbmyyv4r5ifgjdg43-glibc-2.33-117/lib] ==> dir [/nix/store/65hafbsx91127farbmyyv4r5ifgjdg43-glibc-2.33-117/lib]
    arg [-L/nix/store/2qwnn6lizc9d119kp3zig3q19gbfm4n6-gcc-wrapper-10.3.0/bin] ==> dir [/nix/store/2qwnn6lizc9d119kp3zig3q19gbfm4n6-gcc-wrapper-10.3.0/bin]
    arg [-L/nix/store/6r5h4h7nqx73m87j5b9sjwy2x9kyri0k-gcc-10.3.0/lib/gcc/x86_64-unknown-linux-gnu/10.3.0] ==> dir [/nix/store/6r5h4h7nqx73m87j5b9sjwy2x9kyri0k-gcc-10.3.0/lib/gcc/x86_64-unknown-linux-gnu/10.3.0]
    arg [-L/nix/store/6r5h4h7nqx73m87j5b9sjwy2x9kyri0k-gcc-10.3.0/lib/gcc/x86_64-unknown-linux-gnu/10.3.0/../../../../lib64] ==> dir [/nix/store/6r5h4h7nqx73m87j5b9sjwy2x9kyri0k-gcc-10.3.0/lib/gcc/x86_64-unknown-linux-gnu/10.3.0/../../../../lib64]
    arg [-L/nix/store/6r5h4h7nqx73m87j5b9sjwy2x9kyri0k-gcc-10.3.0/lib/gcc/x86_64-unknown-linux-gnu/10.3.0/../../..] ==> dir [/nix/store/6r5h4h7nqx73m87j5b9sjwy2x9kyri0k-gcc-10.3.0/lib/gcc/x86_64-unknown-linux-gnu/10.3.0/../../..]
    arg [-dynamic-linker=/nix/store/65hafbsx91127farbmyyv4r5ifgjdg43-glibc-2.33-117/lib/ld-linux-x86-64.so.2] ==> ignore
    arg [CMakeFiles/cmTC_42d24.dir/CMakeCCompilerABI.c.o] ==> ignore
    arg [-rpath] ==> ignore
    arg [/nix/store/3yh2ssyvpw4m3y564205w623nyrs52p5-nix-shell/lib64] ==> ignore
    arg [-rpath] ==> ignore
    arg [/nix/store/3yh2ssyvpw4m3y564205w623nyrs52p5-nix-shell/lib] ==> ignore
    arg [-lgcc] ==> lib [gcc]
    arg [--push-state] ==> ignore
    arg [--as-needed] ==> ignore
    arg [-lgcc_s] ==> lib [gcc_s]
    arg [--pop-state] ==> ignore
    arg [-lc] ==> lib [c]
    arg [-lgcc] ==> lib [gcc]
    arg [--push-state] ==> ignore
    arg [--as-needed] ==> ignore
    arg [-lgcc_s] ==> lib [gcc_s]
    arg [--pop-state] ==> ignore
    arg [/nix/store/6r5h4h7nqx73m87j5b9sjwy2x9kyri0k-gcc-10.3.0/lib/gcc/x86_64-unknown-linux-gnu/10.3.0/crtend.o] ==> obj [/nix/store/6r5h4h7nqx73m87j5b9sjwy2x9kyri0k-gcc-10.3.0/lib/gcc/x86_64-unknown-linux-gnu/10.3.0/crtend.o]
    arg [/nix/store/65hafbsx91127farbmyyv4r5ifgjdg43-glibc-2.33-117/lib/crtn.o] ==> obj [/nix/store/65hafbsx91127farbmyyv4r5ifgjdg43-glibc-2.33-117/lib/crtn.o]
  collapse library dir [/nix/store/wxjzgaa4j0hcrir8q27yrc5psnkchhfb-raylib-4.0.0/lib] ==> [/nix/store/wxjzgaa4j0hcrir8q27yrc5psnkchhfb-raylib-4.0.0/lib]
  collapse library dir [/nix/store/wxjzgaa4j0hcrir8q27yrc5psnkchhfb-raylib-4.0.0/lib] ==> [/nix/store/wxjzgaa4j0hcrir8q27yrc5psnkchhfb-raylib-4.0.0/lib]
  collapse library dir [/nix/store/wxjzgaa4j0hcrir8q27yrc5psnkchhfb-raylib-4.0.0/lib] ==> [/nix/store/wxjzgaa4j0hcrir8q27yrc5psnkchhfb-raylib-4.0.0/lib]
  collapse library dir [/nix/store/65hafbsx91127farbmyyv4r5ifgjdg43-glibc-2.33-117/lib] ==> [/nix/store/65hafbsx91127farbmyyv4r5ifgjdg43-glibc-2.33-117/lib]
  collapse library dir [/nix/store/dd8swlwhpdhn6bv219562vyxhi8278hs-gcc-10.3.0-lib/lib] ==> [/nix/store/dd8swlwhpdhn6bv219562vyxhi8278hs-gcc-10.3.0-lib/lib]
  collapse library dir [/nix/store/dd8swlwhpdhn6bv219562vyxhi8278hs-gcc-10.3.0-lib/lib] ==> [/nix/store/dd8swlwhpdhn6bv219562vyxhi8278hs-gcc-10.3.0-lib/lib]
  collapse library dir [/nix/store/65hafbsx91127farbmyyv4r5ifgjdg43-glibc-2.33-117/lib] ==> [/nix/store/65hafbsx91127farbmyyv4r5ifgjdg43-glibc-2.33-117/lib]
  collapse library dir [/nix/store/2qwnn6lizc9d119kp3zig3q19gbfm4n6-gcc-wrapper-10.3.0/bin] ==> [/nix/store/2qwnn6lizc9d119kp3zig3q19gbfm4n6-gcc-wrapper-10.3.0/bin]
  collapse library dir [/nix/store/6r5h4h7nqx73m87j5b9sjwy2x9kyri0k-gcc-10.3.0/lib/gcc/x86_64-unknown-linux-gnu/10.3.0] ==> [/nix/store/6r5h4h7nqx73m87j5b9sjwy2x9kyri0k-gcc-10.3.0/lib/gcc/x86_64-unknown-linux-gnu/10.3.0]
  collapse library dir [/nix/store/6r5h4h7nqx73m87j5b9sjwy2x9kyri0k-gcc-10.3.0/lib/gcc/x86_64-unknown-linux-gnu/10.3.0/../../../../lib64] ==> [/nix/store/6r5h4h7nqx73m87j5b9sjwy2x9kyri0k-gcc-10.3.0/lib64]
  collapse library dir [/nix/store/6r5h4h7nqx73m87j5b9sjwy2x9kyri0k-gcc-10.3.0/lib/gcc/x86_64-unknown-linux-gnu/10.3.0/../../..] ==> [/nix/store/6r5h4h7nqx73m87j5b9sjwy2x9kyri0k-gcc-10.3.0/lib]
  implicit libs: [gcc;gcc_s;c;gcc;gcc_s]
  implicit objs: [/nix/store/65hafbsx91127farbmyyv4r5ifgjdg43-glibc-2.33-117/lib/crt1.o;/nix/store/65hafbsx91127farbmyyv4r5ifgjdg43-glibc-2.33-117/lib/crti.o;/nix/store/6r5h4h7nqx73m87j5b9sjwy2x9kyri0k-gcc-10.3.0/lib/gcc/x86_64-unknown-linux-gnu/10.3.0/crtbegin.o;/nix/store/6r5h4h7nqx73m87j5b9sjwy2x9kyri0k-gcc-10.3.0/lib/gcc/x86_64-unknown-linux-gnu/10.3.0/crtend.o;/nix/store/65hafbsx91127farbmyyv4r5ifgjdg43-glibc-2.33-117/lib/crtn.o]
  implicit dirs: [/nix/store/wxjzgaa4j0hcrir8q27yrc5psnkchhfb-raylib-4.0.0/lib;/nix/store/65hafbsx91127farbmyyv4r5ifgjdg43-glibc-2.33-117/lib;/nix/store/dd8swlwhpdhn6bv219562vyxhi8278hs-gcc-10.3.0-lib/lib;/nix/store/2qwnn6lizc9d119kp3zig3q19gbfm4n6-gcc-wrapper-10.3.0/bin;/nix/store/6r5h4h7nqx73m87j5b9sjwy2x9kyri0k-gcc-10.3.0/lib/gcc/x86_64-unknown-linux-gnu/10.3.0;/nix/store/6r5h4h7nqx73m87j5b9sjwy2x9kyri0k-gcc-10.3.0/lib64;/nix/store/6r5h4h7nqx73m87j5b9sjwy2x9kyri0k-gcc-10.3.0/lib]
  implicit fwks: []


Detecting CXX compiler ABI info compiled with the following output:
Change Dir: /home/runner/Planetary/build/CMakeFiles/CMakeTmp

Run Build Command(s):/nix/store/msncxcf5lgy5by9cqjyxchxd26x47d64-gnumake-4.3/bin/make -f Makefile cmTC_262e4/fast && /nix/store/msncxcf5lgy5by9cqjyxchxd26x47d64-gnumake-4.3/bin/make  -f CMakeFiles/cmTC_262e4.dir/build.make CMakeFiles/cmTC_262e4.dir/build
make[1]: Entering directory '/home/runner/Planetary/build/CMakeFiles/CMakeTmp'
Building CXX object CMakeFiles/cmTC_262e4.dir/CMakeCXXCompilerABI.cpp.o
/nix/store/2qwnn6lizc9d119kp3zig3q19gbfm4n6-gcc-wrapper-10.3.0/bin/g++   -v -o CMakeFiles/cmTC_262e4.dir/CMakeCXXCompilerABI.cpp.o -c /nix/store/g9kjv17sa0afmbzkra15xr0s8wfqnwan-cmake-3.21.2/share/cmake-3.21/Modules/CMakeCXXCompilerABI.cpp
Using built-in specs.
COLLECT_GCC=/nix/store/6r5h4h7nqx73m87j5b9sjwy2x9kyri0k-gcc-10.3.0/bin/g++
Target: x86_64-unknown-linux-gnu
Configured with: 
Thread model: posix
Supported LTO compression algorithms: zlib
gcc version 10.3.0 (GCC) 
COLLECT_GCC_OPTIONS='-fPIC' '-Wformat=1' '-Wformat-security' '-Werror=format-security' '-fstack-protector-strong' '--param=ssp-buffer-size=4' '-O2' '-D' '_FORTIFY_SOURCE=2' '-fno-strict-overflow' '-v' '-o' 'CMakeFiles/cmTC_262e4.dir/CMakeCXXCompilerABI.cpp.o' '-c' '-B' '/nix/store/dd8swlwhpdhn6bv219562vyxhi8278hs-gcc-10.3.0-lib/lib' '-B' '/nix/store/65hafbsx91127farbmyyv4r5ifgjdg43-glibc-2.33-117/lib/' '-idirafter' '/nix/store/msy4nj4gscw9csc82labx0xvh7vqlfif-glibc-2.33-117-dev/include' '-idirafter' '/nix/store/6r5h4h7nqx73m87j5b9sjwy2x9kyri0k-gcc-10.3.0/lib/gcc/x86_64-unknown-linux-gnu/10.3.0/include-fixed' '-B' '/nix/store/2qwnn6lizc9d119kp3zig3q19gbfm4n6-gcc-wrapper-10.3.0/bin/' '-frandom-seed=3yh2ssyvpw' '-isystem' '/nix/store/wxjzgaa4j0hcrir8q27yrc5psnkchhfb-raylib-4.0.0/include' '-isystem' '/nix/store/ib22103xbd8x2kj9rdz03hfvb3q4hiq1-compiler-rt-libc-7.1.0-dev/include' '-isystem' '/nix/store/wxjzgaa4j0hcrir8q27yrc5psnkchhfb-raylib-4.0.0/include' '-isystem' '/nix/store/ib22103xbd8x2kj9rdz03hfvb3q4hiq1-compiler-rt-libc-7.1.0-dev/include' '-isystem' '/nix/store/wxjzgaa4j0hcrir8q27yrc5psnkchhfb-raylib-4.0.0/include' '-isystem' '/nix/store/ib22103xbd8x2kj9rdz03hfvb3q4hiq1-compiler-rt-libc-7.1.0-dev/include' '-shared-libgcc' '-mtune=generic' '-march=x86-64' '-fcommon'
 /nix/store/6r5h4h7nqx73m87j5b9sjwy2x9kyri0k-gcc-10.3.0/libexec/gcc/x86_64-unknown-linux-gnu/10.3.0/cc1plus -quiet -v -D_GNU_SOURCE -D _FORTIFY_SOURCE=2 -idirafter /nix/store/msy4nj4gscw9csc82labx0xvh7vqlfif-glibc-2.33-117-dev/include -idirafter /nix/store/6r5h4h7nqx73m87j5b9sjwy2x9kyri0k-gcc-10.3.0/lib/gcc/x86_64-unknown-linux-gnu/10.3.0/include-fixed -isystem /nix/store/wxjzgaa4j0hcrir8q27yrc5psnkchhfb-raylib-4.0.0/include -isystem /nix/store/ib22103xbd8x2kj9rdz03hfvb3q4hiq1-compiler-rt-libc-7.1.0-dev/include -isystem /nix/store/wxjzgaa4j0hcrir8q27yrc5psnkchhfb-raylib-4.0.0/include -isystem /nix/store/ib22103xbd8x2kj9rdz03hfvb3q4hiq1-compiler-rt-libc-7.1.0-dev/include -isystem /nix/store/wxjzgaa4j0hcrir8q27yrc5psnkchhfb-raylib-4.0.0/include -isystem /nix/store/ib22103xbd8x2kj9rdz03hfvb3q4hiq1-compiler-rt-libc-7.1.0-dev/include /nix/store/g9kjv17sa0afmbzkra15xr0s8wfqnwan-cmake-3.21.2/share/cmake-3.21/Modules/CMakeCXXCompilerABI.cpp -quiet -dumpbase CMakeCXXCompilerABI.cpp -mtune=generic -march=x86-64 -auxbase-strip CMakeFiles/cmTC_262e4.dir/CMakeCXXCompilerABI.cpp.o -O2 -Wformat=1 -Wformat-security -Werror=format-security -version -fPIC -fstack-protector-strong -fno-strict-overflow -frandom-seed=3yh2ssyvpw -fcommon --param=ssp-buffer-size=4 -o /tmp/ccOe1EbP.s
GNU C++14 (GCC) version 10.3.0 (x86_64-unknown-linux-gnu)
	compiled by GNU C version 10.3.0, GMP version 6.2.1, MPFR version 4.1.0, MPC version 1.2.1, isl version isl-0.20-GMP

GGC heuristics: --param ggc-min-expand=100 --param ggc-min-heapsize=131072
ignoring duplicate directory "/nix/store/wxjzgaa4j0hcrir8q27yrc5psnkchhfb-raylib-4.0.0/include"
ignoring duplicate directory "/nix/store/ib22103xbd8x2kj9rdz03hfvb3q4hiq1-compiler-rt-libc-7.1.0-dev/include"
ignoring duplicate directory "/nix/store/wxjzgaa4j0hcrir8q27yrc5psnkchhfb-raylib-4.0.0/include"
ignoring duplicate directory "/nix/store/ib22103xbd8x2kj9rdz03hfvb3q4hiq1-compiler-rt-libc-7.1.0-dev/include"
ignoring nonexistent directory "/nix/store/6r5h4h7nqx73m87j5b9sjwy2x9kyri0k-gcc-10.3.0/lib/gcc/x86_64-unknown-linux-gnu/10.3.0/../../../../x86_64-unknown-linux-gnu/include"
ignoring duplicate directory "/nix/store/msy4nj4gscw9csc82labx0xvh7vqlfif-glibc-2.33-117-dev/include"
ignoring duplicate directory "/nix/store/6r5h4h7nqx73m87j5b9sjwy2x9kyri0k-gcc-10.3.0/lib/gcc/x86_64-unknown-linux-gnu/10.3.0/include-fixed"
#include "..." search starts here:
#include <...> search starts here:
 /nix/store/wxjzgaa4j0hcrir8q27yrc5psnkchhfb-raylib-4.0.0/include
 /nix/store/ib22103xbd8x2kj9rdz03hfvb3q4hiq1-compiler-rt-libc-7.1.0-dev/include
 /nix/store/6r5h4h7nqx73m87j5b9sjwy2x9kyri0k-gcc-10.3.0/lib/gcc/x86_64-unknown-linux-gnu/10.3.0/../../../../include/c++/10.3.0
 /nix/store/6r5h4h7nqx73m87j5b9sjwy2x9kyri0k-gcc-10.3.0/lib/gcc/x86_64-unknown-linux-gnu/10.3.0/../../../../include/c++/10.3.0/x86_64-unknown-linux-gnu
 /nix/store/6r5h4h7nqx73m87j5b9sjwy2x9kyri0k-gcc-10.3.0/lib/gcc/x86_64-unknown-linux-gnu/10.3.0/../../../../include/c++/10.3.0/backward
 /nix/store/6r5h4h7nqx73m87j5b9sjwy2x9kyri0k-gcc-10.3.0/lib/gcc/x86_64-unknown-linux-gnu/10.3.0/include
 /nix/store/6r5h4h7nqx73m87j5b9sjwy2x9kyri0k-gcc-10.3.0/include
 /nix/store/6r5h4h7nqx73m87j5b9sjwy2x9kyri0k-gcc-10.3.0/lib/gcc/x86_64-unknown-linux-gnu/10.3.0/include-fixed
 /nix/store/msy4nj4gscw9csc82labx0xvh7vqlfif-glibc-2.33-117-dev/include
End of search list.
GNU C++14 (GCC) version 10.3.0 (x86_64-unknown-linux-gnu)
	compiled by GNU C version 10.3.0, GMP version 6.2.1, MPFR version 4.1.0, MPC version 1.2.1, isl version isl-0.20-GMP

GGC heuristics: --param ggc-min-expand=100 --param ggc-min-heapsize=131072
Compiler executable checksum: 7bcc8704bc0b620f8e9b4cfe278ec242
COLLECT_GCC_OPTIONS='-fPIC' '-Wformat=1' '-Wformat-security' '-Werror=format-security' '-fstack-protector-strong' '--param=ssp-buffer-size=4' '-O2' '-D' '_FORTIFY_SOURCE=2' '-fno-strict-overflow' '-v' '-o' 'CMakeFiles/cmTC_262e4.dir/CMakeCXXCompilerABI.cpp.o' '-c' '-B' '/nix/store/dd8swlwhpdhn6bv219562vyxhi8278hs-gcc-10.3.0-lib/lib' '-B' '/nix/store/65hafbsx91127farbmyyv4r5ifgjdg43-glibc-2.33-117/lib/' '-idirafter' '/nix/store/msy4nj4gscw9csc82labx0xvh7vqlfif-glibc-2.33-117-dev/include' '-idirafter' '/nix/store/6r5h4h7nqx73m87j5b9sjwy2x9kyri0k-gcc-10.3.0/lib/gcc/x86_64-unknown-linux-gnu/10.3.0/include-fixed' '-B' '/nix/store/2qwnn6lizc9d119kp3zig3q19gbfm4n6-gcc-wrapper-10.3.0/bin/' '-frandom-seed=3yh2ssyvpw' '-isystem' '/nix/store/wxjzgaa4j0hcrir8q27yrc5psnkchhfb-raylib-4.0.0/include' '-isystem' '/nix/store/ib22103xbd8x2kj9rdz03hfvb3q4hiq1-compiler-rt-libc-7.1.0-dev/include' '-isystem' '/nix/store/wxjzgaa4j0hcrir8q27yrc5psnkchhfb-raylib-4.0.0/include' '-isystem' '/nix/store/ib22103xbd8x2kj9rdz03hfvb3q4hiq1-compiler-rt-libc-7.1.0-dev/include' '-isystem' '/nix/store/wxjzgaa4j0hcrir8q27yrc5psnkchhfb-raylib-4.0.0/include' '-isystem' '/nix/store/ib22103xbd8x2kj9rdz03hfvb3q4hiq1-compiler-rt-libc-7.1.0-dev/include' '-shared-libgcc' '-mtune=generic' '-march=x86-64' '-fcommon'
 /nix/store/2qwnn6lizc9d119kp3zig3q19gbfm4n6-gcc-wrapper-10.3.0/bin/as -v --64 -o CMakeFiles/cmTC_262e4.dir/CMakeCXXCompilerABI.cpp.o /tmp/ccOe1EbP.s
GNU assembler version 2.35.2 (x86_64-unknown-linux-gnu) using BFD version (GNU Binutils) 2.35.2
COMPILER_PATH=/nix/store/dd8swlwhpdhn6bv219562vyxhi8278hs-gcc-10.3.0-lib/lib/:/nix/store/65hafbsx91127farbmyyv4r5ifgjdg43-glibc-2.33-117/lib/:/nix/store/2qwnn6lizc9d119kp3zig3q19gbfm4n6-gcc-wrapper-10.3.0/bin/:/nix/store/6r5h4h7nqx73m87j5b9sjwy2x9kyri0k-gcc-10.3.0/libexec/gcc/x86_64-unknown-linux-gnu/10.3.0/:/nix/store/6r5h4h7nqx73m87j5b9sjwy2x9kyri0k-gcc-10.3.0/libexec/gcc/x86_64-unknown-linux-gnu/10.3.0/:/nix/store/6r5h4h7nqx73m87j5b9sjwy2x9kyri0k-gcc-10.3.0/libexec/gcc/x86_64-unknown-linux-gnu/:/nix/store/6r5h4h7nqx73m87j5b9sjwy2x9kyri0k-gcc-10.3.0/lib/gcc/x86_64-unknown-linux-gnu/10.3.0/:/nix/store/6r5h4h7nqx73m87j5b9sjwy2x9kyri0k-gcc-10.3.0/lib/gcc/x86_64-unknown-linux-gnu/
LIBRARY_PATH=/nix/store/dd8swlwhpdhn6bv219562vyxhi8278hs-gcc-10.3.0-lib/lib/:/nix/store/65hafbsx91127farbmyyv4r5ifgjdg43-glibc-2.33-117/lib/:/nix/store/2qwnn6lizc9d119kp3zig3q19gbfm4n6-gcc-wrapper-10.3.0/bin/:/nix/store/6r5h4h7nqx73m87j5b9sjwy2x9kyri0k-gcc-10.3.0/lib/gcc/x86_64-unknown-linux-gnu/10.3.0/:/nix/store/6r5h4h7nqx73m87j5b9sjwy2x9kyri0k-gcc-10.3.0/lib/gcc/x86_64-unknown-linux-gnu/10.3.0/../../../../lib64/:/nix/store/6r5h4h7nqx73m87j5b9sjwy2x9kyri0k-gcc-10.3.0/lib/gcc/x86_64-unknown-linux-gnu/10.3.0/../../../
COLLECT_GCC_OPTIONS='-fPIC' '-Wformat=1' '-Wformat-security' '-Werror=format-security' '-fstack-protector-strong' '--param=ssp-buffer-size=4' '-O2' '-D' '_FORTIFY_SOURCE=2' '-fno-strict-overflow' '-v' '-o' 'CMakeFiles/cmTC_262e4.dir/CMakeCXXCompilerABI.cpp.o' '-c' '-B' '/nix/store/dd8swlwhpdhn6bv219562vyxhi8278hs-gcc-10.3.0-lib/lib' '-B' '/nix/store/65hafbsx91127farbmyyv4r5ifgjdg43-glibc-2.33-117/lib/' '-idirafter' '/nix/store/msy4nj4gscw9csc82labx0xvh7vqlfif-glibc-2.33-117-dev/include' '-idirafter' '/nix/store/6r5h4h7nqx73m87j5b9sjwy2x9kyri0k-gcc-10.3.0/lib/gcc/x86_64-unknown-linux-gnu/10.3.0/include-fixed' '-B' '/nix/store/2qwnn6lizc9d119kp3zig3q19gbfm4n6-gcc-wrapper-10.3.0/bin/' '-frandom-seed=3yh2ssyvpw' '-isystem' '/nix/store/wxjzgaa4j0hcrir8q27yrc5psnkchhfb-raylib-4.0.0/include' '-isystem' '/nix/store/ib22103xbd8x2kj9rdz03hfvb3q4hiq1-compiler-rt-libc-7.1.0-dev/include' '-isystem' '/nix/store/wxjzgaa4j0hcrir8q27yrc5psnkchhfb-raylib-4.0.0/include' '-isystem' '/nix/store/ib22103xbd8x2kj9rdz03hfvb3q4hiq1-compiler-rt-libc-7.1.0-dev/include' '-isystem' '/nix/store/wxjzgaa4j0hcrir8q27yrc5psnkchhfb-raylib-4.0.0/include' '-isystem' '/nix/store/ib22103xbd8x2kj9rdz03hfvb3q4hiq1-compiler-rt-libc-7.1.0-dev/include' '-shared-libgcc' '-mtune=generic' '-march=x86-64' '-fcommon'
Linking CXX executable cmTC_262e4
/nix/store/g9kjv17sa0afmbzkra15xr0s8wfqnwan-cmake-3.21.2/bin/cmake -E cmake_link_script CMakeFiles/cmTC_262e4.dir/link.txt --verbose=1
/nix/store/2qwnn6lizc9d119kp3zig3q19gbfm4n6-gcc-wrapper-10.3.0/bin/g++  -v CMakeFiles/cmTC_262e4.dir/CMakeCXXCompilerABI.cpp.o -o cmTC_262e4 
Using built-in specs.
COLLECT_GCC=/nix/store/6r5h4h7nqx73m87j5b9sjwy2x9kyri0k-gcc-10.3.0/bin/g++
COLLECT_LTO_WRAPPER=/nix/store/6r5h4h7nqx73m87j5b9sjwy2x9kyri0k-gcc-10.3.0/libexec/gcc/x86_64-unknown-linux-gnu/10.3.0/lto-wrapper
Target: x86_64-unknown-linux-gnu
Configured with: 
Thread model: posix
Supported LTO compression algorithms: zlib
gcc version 10.3.0 (GCC) 
COMPILER_PATH=/nix/store/dd8swlwhpdhn6bv219562vyxhi8278hs-gcc-10.3.0-lib/lib/:/nix/store/65hafbsx91127farbmyyv4r5ifgjdg43-glibc-2.33-117/lib/:/nix/store/2qwnn6lizc9d119kp3zig3q19gbfm4n6-gcc-wrapper-10.3.0/bin/:/nix/store/6r5h4h7nqx73m87j5b9sjwy2x9kyri0k-gcc-10.3.0/libexec/gcc/x86_64-unknown-linux-gnu/10.3.0/:/nix/store/6r5h4h7nqx73m87j5b9sjwy2x9kyri0k-gcc-10.3.0/libexec/gcc/x86_64-unknown-linux-gnu/10.3.0/:/nix/store/6r5h4h7nqx73m87j5b9sjwy2x9kyri0k-gcc-10.3.0/libexec/gcc/x86_64-unknown-linux-gnu/:/nix/store/6r5h4h7nqx73m87j5b9sjwy2x9kyri0k-gcc-10.3.0/lib/gcc/x86_64-unknown-linux-gnu/10.3.0/:/nix/store/6r5h4h7nqx73m87j5b9sjwy2x9kyri0k-gcc-10.3.0/lib/gcc/x86_64-unknown-linux-gnu/
LIBRARY_PATH=/nix/store/dd8swlwhpdhn6bv219562vyxhi8278hs-gcc-10.3.0-lib/lib/:/nix/store/65hafbsx91127farbmyyv4r5ifgjdg43-glibc-2.33-117/lib/:/nix/store/2qwnn6lizc9d119kp3zig3q19gbfm4n6-gcc-wrapper-10.3.0/bin/:/nix/store/6r5h4h7nqx73m87j5b9sjwy2x9kyri0k-gcc-10.3.0/lib/gcc/x86_64-unknown-linux-gnu/10.3.0/:/nix/store/6r5h4h7nqx73m87j5b9sjwy2x9kyri0k-gcc-10.3.0/lib/gcc/x86_64-unknown-linux-gnu/10.3.0/../../../../lib64/:/nix/store/6r5h4h7nqx73m87j5b9sjwy2x9kyri0k-gcc-10.3.0/lib/gcc/x86_64-unknown-linux-gnu/10.3.0/../../../
COLLECT_GCC_OPTIONS='-fPIC' '-Wformat=1' '-Wformat-security' '-Werror=format-security' '-fstack-protector-strong' '--param=ssp-buffer-size=4' '-O2' '-D' '_FORTIFY_SOURCE=2' '-fno-strict-overflow' '-v' '-o' 'cmTC_262e4' '-B' '/nix/store/dd8swlwhpdhn6bv219562vyxhi8278hs-gcc-10.3.0-lib/lib' '-B' '/nix/store/65hafbsx91127farbmyyv4r5ifgjdg43-glibc-2.33-117/lib/' '-idirafter' '/nix/store/msy4nj4gscw9csc82labx0xvh7vqlfif-glibc-2.33-117-dev/include' '-idirafter' '/nix/store/6r5h4h7nqx73m87j5b9sjwy2x9kyri0k-gcc-10.3.0/lib/gcc/x86_64-unknown-linux-gnu/10.3.0/include-fixed' '-B' '/nix/store/2qwnn6lizc9d119kp3zig3q19gbfm4n6-gcc-wrapper-10.3.0/bin/' '-frandom-seed=3yh2ssyvpw' '-isystem' '/nix/store/wxjzgaa4j0hcrir8q27yrc5psnkchhfb-raylib-4.0.0/include' '-isystem' '/nix/store/ib22103xbd8x2kj9rdz03hfvb3q4hiq1-compiler-rt-libc-7.1.0-dev/include' '-isystem' '/nix/store/wxjzgaa4j0hcrir8q27yrc5psnkchhfb-raylib-4.0.0/include' '-isystem' '/nix/store/ib22103xbd8x2kj9rdz03hfvb3q4hiq1-compiler-rt-libc-7.1.0-dev/include' '-isystem' '/nix/store/wxjzgaa4j0hcrir8q27yrc5psnkchhfb-raylib-4.0.0/include' '-isystem' '/nix/store/ib22103xbd8x2kj9rdz03hfvb3q4hiq1-compiler-rt-libc-7.1.0-dev/include' '-L/nix/store/wxjzgaa4j0hcrir8q27yrc5psnkchhfb-raylib-4.0.0/lib' '-L/nix/store/wxjzgaa4j0hcrir8q27yrc5psnkchhfb-raylib-4.0.0/lib' '-L/nix/store/wxjzgaa4j0hcrir8q27yrc5psnkchhfb-raylib-4.0.0/lib' '-L/nix/store/65hafbsx91127farbmyyv4r5ifgjdg43-glibc-2.33-117/lib' '-L/nix/store/dd8swlwhpdhn6bv219562vyxhi8278hs-gcc-10.3.0-lib/lib' '-shared-libgcc' '-mtune=generic' '-march=x86-64' '-fcommon'
 /nix/store/6r5h4h7nqx73m87j5b9sjwy2x9kyri0k-gcc-10.3.0/libexec/gcc/x86_64-unknown-linux-gnu/10.3.0/collect2 -plugin /nix/store/6r5h4h7nqx73m87j5b9sjwy2x9kyri0k-gcc-10.3.0/libexec/gcc/x86_64-unknown-linux-gnu/10.3.0/liblto_plugin.so -plugin-opt=/nix/store/6r5h4h7nqx73m87j5b9sjwy2x9kyri0k-gcc-10.3.0/libexec/gcc/x86_64-unknown-linux-gnu/10.3.0/lto-wrapper -plugin-opt=-fresolution=/tmp/ccCB5Kgj.res -plugin-opt=-pass-through=-lgcc_s -plugin-opt=-pass-through=-lgcc -plugin-opt=-pass-through=-lc -plugin-opt=-pass-through=-lgcc_s -plugin-opt=-pass-through=-lgcc --eh-frame-hdr -m elf_x86_64 -dynamic-linker /nix/store/65hafbsx91127farbmyyv4r5ifgjdg43-glibc-2.33-117/lib64/ld-linux-x86-64.so.2 -o cmTC_262e4 /nix/store/65hafbsx91127farbmyyv4r5ifgjdg43-glibc-2.33-117/lib/crt1.o /nix/store/65hafbsx91127farbmyyv4r5ifgjdg43-glibc-2.33-117/lib/crti.o /nix/store/6r5h4h7nqx73m87j5b9sjwy2x9kyri0k-gcc-10.3.0/lib/gcc/x86_64-unknown-linux-gnu/10.3.0/crtbegin.o -L/nix/store/wxjzgaa4j0hcrir8q27yrc5psnkchhfb-raylib-4.0.0/lib -L/nix/store/wxjzgaa4j0hcrir8q27yrc5psnkchhfb-raylib-4.0.0/lib -L/nix/store/wxjzgaa4j0hcrir8q27yrc5psnkchhfb-raylib-4.0.0/lib -L/nix/store/65hafbsx91127farbmyyv4r5ifgjdg43-glibc-2.33-117/lib -L/nix/store/dd8swlwhpdhn6bv219562vyxhi8278hs-gcc-10.3.0-lib/lib -L/nix/store/dd8swlwhpdhn6bv219562vyxhi8278hs-gcc-10.3.0-lib/lib -L/nix/store/65hafbsx91127farbmyyv4r5ifgjdg43-glibc-2.33-117/lib -L/nix/store/2qwnn6lizc9d119kp3zig3q19gbfm4n6-gcc-wrapper-10.3.0/bin -L/nix/store/6r5h4h7nqx73m87j5b9sjwy2x9kyri0k-gcc-10.3.0/lib/gcc/x86_64-unknown-linux-gnu/10.3.0 -L/nix/store/6r5h4h7nqx73m87j5b9sjwy2x9kyri0k-gcc-10.3.0/lib/gcc/x86_64-unknown-linux-gnu/10.3.0/../../../../lib64 -L/nix/store/6r5h4h7nqx73m87j5b9sjwy2x9kyri0k-gcc-10.3.0/lib/gcc/x86_64-unknown-linux-gnu/10.3.0/../../.. -dynamic-linker=/nix/store/65hafbsx91127farbmyyv4r5ifgjdg43-glibc-2.33-117/lib/ld-linux-x86-64.so.2 CMakeFiles/cmTC_262e4.dir/CMakeCXXCompilerABI.cpp.o -rpath /nix/store/3yh2ssyvpw4m3y564205w623nyrs52p5-nix-shell/lib64 -rpath /nix/store/3yh2ssyvpw4m3y564205w623nyrs52p5-nix-shell/lib -lstdc++ -lm -lgcc_s -lgcc -lc -lgcc_s -lgcc /nix/store/6r5h4h7nqx73m87j5b9sjwy2x9kyri0k-gcc-10.3.0/lib/gcc/x86_64-unknown-linux-gnu/10.3.0/crtend.o /nix/store/65hafbsx91127farbmyyv4r5ifgjdg43-glibc-2.33-117/lib/crtn.o
COLLECT_GCC_OPTIONS='-fPIC' '-Wformat=1' '-Wformat-security' '-Werror=format-security' '-fstack-protector-strong' '--param=ssp-buffer-size=4' '-O2' '-D' '_FORTIFY_SOURCE=2' '-fno-strict-overflow' '-v' '-o' 'cmTC_262e4' '-B' '/nix/store/dd8swlwhpdhn6bv219562vyxhi8278hs-gcc-10.3.0-lib/lib' '-B' '/nix/store/65hafbsx91127farbmyyv4r5ifgjdg43-glibc-2.33-117/lib/' '-idirafter' '/nix/store/msy4nj4gscw9csc82labx0xvh7vqlfif-glibc-2.33-117-dev/include' '-idirafter' '/nix/store/6r5h4h7nqx73m87j5b9sjwy2x9kyri0k-gcc-10.3.0/lib/gcc/x86_64-unknown-linux-gnu/10.3.0/include-fixed' '-B' '/nix/store/2qwnn6lizc9d119kp3zig3q19gbfm4n6-gcc-wrapper-10.3.0/bin/' '-frandom-seed=3yh2ssyvpw' '-isystem' '/nix/store/wxjzgaa4j0hcrir8q27yrc5psnkchhfb-raylib-4.0.0/include' '-isystem' '/nix/store/ib22103xbd8x2kj9rdz03hfvb3q4hiq1-compiler-rt-libc-7.1.0-dev/include' '-isystem' '/nix/store/wxjzgaa4j0hcrir8q27yrc5psnkchhfb-raylib-4.0.0/include' '-isystem' '/nix/store/ib22103xbd8x2kj9rdz03hfvb3q4hiq1-compiler-rt-libc-7.1.0-dev/include' '-isystem' '/nix/store/wxjzgaa4j0hcrir8q27yrc5psnkchhfb-raylib-4.0.0/include' '-isystem' '/nix/store/ib22103xbd8x2kj9rdz03hfvb3q4hiq1-compiler-rt-libc-7.1.0-dev/include' '-L/nix/store/wxjzgaa4j0hcrir8q27yrc5psnkchhfb-raylib-4.0.0/lib' '-L/nix/store/wxjzgaa4j0hcrir8q27yrc5psnkchhfb-raylib-4.0.0/lib' '-L/nix/store/wxjzgaa4j0hcrir8q27yrc5psnkchhfb-raylib-4.0.0/lib' '-L/nix/store/65hafbsx91127farbmyyv4r5ifgjdg43-glibc-2.33-117/lib' '-L/nix/store/dd8swlwhpdhn6bv219562vyxhi8278hs-gcc-10.3.0-lib/lib' '-shared-libgcc' '-mtune=generic' '-march=x86-64' '-fcommon'
make[1]: Leaving directory '/home/runner/Planetary/build/CMakeFiles/CMakeTmp'



Parsed CXX implicit include dir info from above output: rv=done
  found start of include info
  found start of implicit include info
    add: [/nix/store/wxjzgaa4j0hcrir8q27yrc5psnkchhfb-raylib-4.0.0/include]
    add: [/nix/store/ib22103xbd8x2kj9rdz03hfvb3q4hiq1-compiler-rt-libc-7.1.0-dev/include]
    add: [/nix/store/6r5h4h7nqx73m87j5b9sjwy2x9kyri0k-gcc-10.3.0/lib/gcc/x86_64-unknown-linux-gnu/10.3.0/../../../../include/c++/10.3.0]
    add: [/nix/store/6r5h4h7nqx73m87j5b9sjwy2x9kyri0k-gcc-10.3.0/lib/gcc/x86_64-unknown-linux-gnu/10.3.0/../../../../include/c++/10.3.0/x86_64-unknown-linux-gnu]
    add: [/nix/store/6r5h4h7nqx73m87j5b9sjwy2x9kyri0k-gcc-10.3.0/lib/gcc/x86_64-unknown-linux-gnu/10.3.0/../../../../include/c++/10.3.0/backward]
    add: [/nix/store/6r5h4h7nqx73m87j5b9sjwy2x9kyri0k-gcc-10.3.0/lib/gcc/x86_64-unknown-linux-gnu/10.3.0/include]
    add: [/nix/store/6r5h4h7nqx73m87j5b9sjwy2x9kyri0k-gcc-10.3.0/include]
    add: [/nix/store/6r5h4h7nqx73m87j5b9sjwy2x9kyri0k-gcc-10.3.0/lib/gcc/x86_64-unknown-linux-gnu/10.3.0/include-fixed]
    add: [/nix/store/msy4nj4gscw9csc82labx0xvh7vqlfif-glibc-2.33-117-dev/include]
  end of search list found
  collapse include dir [/nix/store/wxjzgaa4j0hcrir8q27yrc5psnkchhfb-raylib-4.0.0/include] ==> [/nix/store/wxjzgaa4j0hcrir8q27yrc5psnkchhfb-raylib-4.0.0/include]
  collapse include dir [/nix/store/ib22103xbd8x2kj9rdz03hfvb3q4hiq1-compiler-rt-libc-7.1.0-dev/include] ==> [/nix/store/ib22103xbd8x2kj9rdz03hfvb3q4hiq1-compiler-rt-libc-7.1.0-dev/include]
  collapse include dir [/nix/store/6r5h4h7nqx73m87j5b9sjwy2x9kyri0k-gcc-10.3.0/lib/gcc/x86_64-unknown-linux-gnu/10.3.0/../../../../include/c++/10.3.0] ==> [/nix/store/6r5h4h7nqx73m87j5b9sjwy2x9kyri0k-gcc-10.3.0/include/c++/10.3.0]
  collapse include dir [/nix/store/6r5h4h7nqx73m87j5b9sjwy2x9kyri0k-gcc-10.3.0/lib/gcc/x86_64-unknown-linux-gnu/10.3.0/../../../../include/c++/10.3.0/x86_64-unknown-linux-gnu] ==> [/nix/store/6r5h4h7nqx73m87j5b9sjwy2x9kyri0k-gcc-10.3.0/include/c++/10.3.0/x86_64-unknown-linux-gnu]
  collapse include dir [/nix/store/6r5h4h7nqx73m87j5b9sjwy2x9kyri0k-gcc-10.3.0/lib/gcc/x86_64-unknown-linux-gnu/10.3.0/../../../../include/c++/10.3.0/backward] ==> [/nix/store/6r5h4h7nqx73m87j5b9sjwy2x9kyri0k-gcc-10.3.0/include/c++/10.3.0/backward]
  collapse include dir [/nix/store/6r5h4h7nqx73m87j5b9sjwy2x9kyri0k-gcc-10.3.0/lib/gcc/x86_64-unknown-linux-gnu/10.3.0/include] ==> [/nix/store/6r5h4h7nqx73m87j5b9sjwy2x9kyri0k-gcc-10.3.0/lib/gcc/x86_64-unknown-linux-gnu/10.3.0/include]
  collapse include dir [/nix/store/6r5h4h7nqx73m87j5b9sjwy2x9kyri0k-gcc-10.3.0/include] ==> [/nix/store/6r5h4h7nqx73m87j5b9sjwy2x9kyri0k-gcc-10.3.0/include]
  collapse include dir [/nix/store/6r5h4h7nqx73m87j5b9sjwy2x9kyri0k-gcc-10.3.0/lib/gcc/x86_64-unknown-linux-gnu/10.3.0/include-fixed] ==> [/nix/store/6r5h4h7nqx73m87j5b9sjwy2x9kyri0k-gcc-10.3.0/lib/gcc/x86_64-unknown-linux-gnu/10.3.0/include-fixed]
  collapse include dir [/nix/store/msy4nj4gscw9csc82labx0xvh7vqlfif-glibc-2.33-117-dev/include] ==> [/nix/store/msy4nj4gscw9csc82labx0xvh7vqlfif-glibc-2.33-117-dev/include]
  implicit include dirs: [/nix/store/wxjzgaa4j0hcrir8q27yrc5psnkchhfb-raylib-4.0.0/include;/nix/store/ib22103xbd8x2kj9rdz03hfvb3q4hiq1-compiler-rt-libc-7.1.0-dev/include;/nix/store/6r5h4h7nqx73m87j5b9sjwy2x9kyri0k-gcc-10.3.0/include/c++/10.3.0;/nix/store/6r5h4h7nqx73m87j5b9sjwy2x9kyri0k-gcc-10.3.0/include/c++/10.3.0/x86_64-unknown-linux-gnu;/nix/store/6r5h4h7nqx73m87j5b9sjwy2x9kyri0k-gcc-10.3.0/include/c++/10.3.0/backward;/nix/store/6r5h4h7nqx73m87j5b9sjwy2x9kyri0k-gcc-10.3.0/lib/gcc/x86_64-unknown-linux-gnu/10.3.0/include;/nix/store/6r5h4h7nqx73m87j5b9sjwy2x9kyri0k-gcc-10.3.0/include;/nix/store/6r5h4h7nqx73m87j5b9sjwy2x9kyri0k-gcc-10.3.0/lib/gcc/x86_64-unknown-linux-gnu/10.3.0/include-fixed;/nix/store/msy4nj4gscw9csc82labx0xvh7vqlfif-glibc-2.33-117-dev/include]


Parsed CXX implicit link information from above output:
  link line regex: [^( *|.*[/\])(ld|CMAKE_LINK_STARTFILE-NOTFOUND|([^/\]+-)?ld|collect2)[^/\]*( |$)]
  ignore line: [Change Dir: /home/runner/Planetary/build/CMakeFiles/CMakeTmp]
  ignore line: []
  ignore line: [Run Build Command(s):/nix/store/msncxcf5lgy5by9cqjyxchxd26x47d64-gnumake-4.3/bin/make -f Makefile cmTC_262e4/fast && /nix/store/msncxcf5lgy5by9cqjyxchxd26x47d64-gnumake-4.3/bin/make  -f CMakeFiles/cmTC_262e4.dir/build.make CMakeFiles/cmTC_262e4.dir/build]
  ignore line: [make[1]: Entering directory '/home/runner/Planetary/build/CMakeFiles/CMakeTmp']
  ignore line: [Building CXX object CMakeFiles/cmTC_262e4.dir/CMakeCXXCompilerABI.cpp.o]
  ignore line: [/nix/store/2qwnn6lizc9d119kp3zig3q19gbfm4n6-gcc-wrapper-10.3.0/bin/g++   -v -o CMakeFiles/cmTC_262e4.dir/CMakeCXXCompilerABI.cpp.o -c /nix/store/g9kjv17sa0afmbzkra15xr0s8wfqnwan-cmake-3.21.2/share/cmake-3.21/Modules/CMakeCXXCompilerABI.cpp]
  ignore line: [Using built-in specs.]
  ignore line: [COLLECT_GCC=/nix/store/6r5h4h7nqx73m87j5b9sjwy2x9kyri0k-gcc-10.3.0/bin/g++]
  ignore line: [Target: x86_64-unknown-linux-gnu]
  ignore line: [Configured with: ]
  ignore line: [Thread model: posix]
  ignore line: [Supported LTO compression algorithms: zlib]
  ignore line: [gcc version 10.3.0 (GCC) ]
  ignore line: [COLLECT_GCC_OPTIONS='-fPIC' '-Wformat=1' '-Wformat-security' '-Werror=format-security' '-fstack-protector-strong' '--param=ssp-buffer-size=4' '-O2' '-D' '_FORTIFY_SOURCE=2' '-fno-strict-overflow' '-v' '-o' 'CMakeFiles/cmTC_262e4.dir/CMakeCXXCompilerABI.cpp.o' '-c' '-B' '/nix/store/dd8swlwhpdhn6bv219562vyxhi8278hs-gcc-10.3.0-lib/lib' '-B' '/nix/store/65hafbsx91127farbmyyv4r5ifgjdg43-glibc-2.33-117/lib/' '-idirafter' '/nix/store/msy4nj4gscw9csc82labx0xvh7vqlfif-glibc-2.33-117-dev/include' '-idirafter' '/nix/store/6r5h4h7nqx73m87j5b9sjwy2x9kyri0k-gcc-10.3.0/lib/gcc/x86_64-unknown-linux-gnu/10.3.0/include-fixed' '-B' '/nix/store/2qwnn6lizc9d119kp3zig3q19gbfm4n6-gcc-wrapper-10.3.0/bin/' '-frandom-seed=3yh2ssyvpw' '-isystem' '/nix/store/wxjzgaa4j0hcrir8q27yrc5psnkchhfb-raylib-4.0.0/include' '-isystem' '/nix/store/ib22103xbd8x2kj9rdz03hfvb3q4hiq1-compiler-rt-libc-7.1.0-dev/include' '-isystem' '/nix/store/wxjzgaa4j0hcrir8q27yrc5psnkchhfb-raylib-4.0.0/include' '-isystem' '/nix/store/ib22103xbd8x2kj9rdz03hfvb3q4hiq1-compiler-rt-libc-7.1.0-dev/include' '-isystem' '/nix/store/wxjzgaa4j0hcrir8q27yrc5psnkchhfb-raylib-4.0.0/include' '-isystem' '/nix/store/ib22103xbd8x2kj9rdz03hfvb3q4hiq1-compiler-rt-libc-7.1.0-dev/include' '-shared-libgcc' '-mtune=generic' '-march=x86-64' '-fcommon']
  ignore line: [ /nix/store/6r5h4h7nqx73m87j5b9sjwy2x9kyri0k-gcc-10.3.0/libexec/gcc/x86_64-unknown-linux-gnu/10.3.0/cc1plus -quiet -v -D_GNU_SOURCE -D _FORTIFY_SOURCE=2 -idirafter /nix/store/msy4nj4gscw9csc82labx0xvh7vqlfif-glibc-2.33-117-dev/include -idirafter /nix/store/6r5h4h7nqx73m87j5b9sjwy2x9kyri0k-gcc-10.3.0/lib/gcc/x86_64-unknown-linux-gnu/10.3.0/include-fixed -isystem /nix/store/wxjzgaa4j0hcrir8q27yrc5psnkchhfb-raylib-4.0.0/include -isystem /nix/store/ib22103xbd8x2kj9rdz03hfvb3q4hiq1-compiler-rt-libc-7.1.0-dev/include -isystem /nix/store/wxjzgaa4j0hcrir8q27yrc5psnkchhfb-raylib-4.0.0/include -isystem /nix/store/ib22103xbd8x2kj9rdz03hfvb3q4hiq1-compiler-rt-libc-7.1.0-dev/include -isystem /nix/store/wxjzgaa4j0hcrir8q27yrc5psnkchhfb-raylib-4.0.0/include -isystem /nix/store/ib22103xbd8x2kj9rdz03hfvb3q4hiq1-compiler-rt-libc-7.1.0-dev/include /nix/store/g9kjv17sa0afmbzkra15xr0s8wfqnwan-cmake-3.21.2/share/cmake-3.21/Modules/CMakeCXXCompilerABI.cpp -quiet -dumpbase CMakeCXXCompilerABI.cpp -mtune=generic -march=x86-64 -auxbase-strip CMakeFiles/cmTC_262e4.dir/CMakeCXXCompilerABI.cpp.o -O2 -Wformat=1 -Wformat-security -Werror=format-security -version -fPIC -fstack-protector-strong -fno-strict-overflow -frandom-seed=3yh2ssyvpw -fcommon --param=ssp-buffer-size=4 -o /tmp/ccOe1EbP.s]
  ignore line: [GNU C++14 (GCC) version 10.3.0 (x86_64-unknown-linux-gnu)]
  ignore line: [	compiled by GNU C version 10.3.0  GMP version 6.2.1  MPFR version 4.1.0  MPC version 1.2.1  isl version isl-0.20-GMP]
  ignore line: []
  ignore line: [GGC heuristics: --param ggc-min-expand=100 --param ggc-min-heapsize=131072]
  ignore line: [ignoring duplicate directory "/nix/store/wxjzgaa4j0hcrir8q27yrc5psnkchhfb-raylib-4.0.0/include"]
  ignore line: [ignoring duplicate directory "/nix/store/ib22103xbd8x2kj9rdz03hfvb3q4hiq1-compiler-rt-libc-7.1.0-dev/include"]
  ignore line: [ignoring duplicate directory "/nix/store/wxjzgaa4j0hcrir8q27yrc5psnkchhfb-raylib-4.0.0/include"]
  ignore line: [ignoring duplicate directory "/nix/store/ib22103xbd8x2kj9rdz03hfvb3q4hiq1-compiler-rt-libc-7.1.0-dev/include"]
  ignore line: [ignoring nonexistent directory "/nix/store/6r5h4h7nqx73m87j5b9sjwy2x9kyri0k-gcc-10.3.0/lib/gcc/x86_64-unknown-linux-gnu/10.3.0/../../../../x86_64-unknown-linux-gnu/include"]
  ignore line: [ignoring duplicate directory "/nix/store/msy4nj4gscw9csc82labx0xvh7vqlfif-glibc-2.33-117-dev/include"]
  ignore line: [ignoring duplicate directory "/nix/store/6r5h4h7nqx73m87j5b9sjwy2x9kyri0k-gcc-10.3.0/lib/gcc/x86_64-unknown-linux-gnu/10.3.0/include-fixed"]
  ignore line: [#include "..." search starts here:]
  ignore line: [#include <...> search starts here:]
  ignore line: [ /nix/store/wxjzgaa4j0hcrir8q27yrc5psnkchhfb-raylib-4.0.0/include]
  ignore line: [ /nix/store/ib22103xbd8x2kj9rdz03hfvb3q4hiq1-compiler-rt-libc-7.1.0-dev/include]
  ignore line: [ /nix/store/6r5h4h7nqx73m87j5b9sjwy2x9kyri0k-gcc-10.3.0/lib/gcc/x86_64-unknown-linux-gnu/10.3.0/../../../../include/c++/10.3.0]
  ignore line: [ /nix/store/6r5h4h7nqx73m87j5b9sjwy2x9kyri0k-gcc-10.3.0/lib/gcc/x86_64-unknown-linux-gnu/10.3.0/../../../../include/c++/10.3.0/x86_64-unknown-linux-gnu]
  ignore line: [ /nix/store/6r5h4h7nqx73m87j5b9sjwy2x9kyri0k-gcc-10.3.0/lib/gcc/x86_64-unknown-linux-gnu/10.3.0/../../../../include/c++/10.3.0/backward]
  ignore line: [ /nix/store/6r5h4h7nqx73m87j5b9sjwy2x9kyri0k-gcc-10.3.0/lib/gcc/x86_64-unknown-linux-gnu/10.3.0/include]
  ignore line: [ /nix/store/6r5h4h7nqx73m87j5b9sjwy2x9kyri0k-gcc-10.3.0/include]
  ignore line: [ /nix/store/6r5h4h7nqx73m87j5b9sjwy2x9kyri0k-gcc-10.3.0/lib/gcc/x86_64-unknown-linux-gnu/10.3.0/include-fixed]
  ignore line: [ /nix/store/msy4nj4gscw9csc82labx0xvh7vqlfif-glibc-2.33-117-dev/include]
  ignore line: [End of search list.]
  ignore line: [GNU C++14 (GCC) version 10.3.0 (x86_64-unknown-linux-gnu)]
  ignore line: [	compiled by GNU C version 10.3.0  GMP version 6.2.1  MPFR version 4.1.0  MPC version 1.2.1  isl version isl-0.20-GMP]
  ignore line: []
  ignore line: [GGC heuristics: --param ggc-min-expand=100 --param ggc-min-heapsize=131072]
  ignore line: [Compiler executable checksum: 7bcc8704bc0b620f8e9b4cfe278ec242]
  ignore line: [COLLECT_GCC_OPTIONS='-fPIC' '-Wformat=1' '-Wformat-security' '-Werror=format-security' '-fstack-protector-strong' '--param=ssp-buffer-size=4' '-O2' '-D' '_FORTIFY_SOURCE=2' '-fno-strict-overflow' '-v' '-o' 'CMakeFiles/cmTC_262e4.dir/CMakeCXXCompilerABI.cpp.o' '-c' '-B' '/nix/store/dd8swlwhpdhn6bv219562vyxhi8278hs-gcc-10.3.0-lib/lib' '-B' '/nix/store/65hafbsx91127farbmyyv4r5ifgjdg43-glibc-2.33-117/lib/' '-idirafter' '/nix/store/msy4nj4gscw9csc82labx0xvh7vqlfif-glibc-2.33-117-dev/include' '-idirafter' '/nix/store/6r5h4h7nqx73m87j5b9sjwy2x9kyri0k-gcc-10.3.0/lib/gcc/x86_64-unknown-linux-gnu/10.3.0/include-fixed' '-B' '/nix/store/2qwnn6lizc9d119kp3zig3q19gbfm4n6-gcc-wrapper-10.3.0/bin/' '-frandom-seed=3yh2ssyvpw' '-isystem' '/nix/store/wxjzgaa4j0hcrir8q27yrc5psnkchhfb-raylib-4.0.0/include' '-isystem' '/nix/store/ib22103xbd8x2kj9rdz03hfvb3q4hiq1-compiler-rt-libc-7.1.0-dev/include' '-isystem' '/nix/store/wxjzgaa4j0hcrir8q27yrc5psnkchhfb-raylib-4.0.0/include' '-isystem' '/nix/store/ib22103xbd8x2kj9rdz03hfvb3q4hiq1-compiler-rt-libc-7.1.0-dev/include' '-isystem' '/nix/store/wxjzgaa4j0hcrir8q27yrc5psnkchhfb-raylib-4.0.0/include' '-isystem' '/nix/store/ib22103xbd8x2kj9rdz03hfvb3q4hiq1-compiler-rt-libc-7.1.0-dev/include' '-shared-libgcc' '-mtune=generic' '-march=x86-64' '-fcommon']
  ignore line: [ /nix/store/2qwnn6lizc9d119kp3zig3q19gbfm4n6-gcc-wrapper-10.3.0/bin/as -v --64 -o CMakeFiles/cmTC_262e4.dir/CMakeCXXCompilerABI.cpp.o /tmp/ccOe1EbP.s]
  ignore line: [GNU assembler version 2.35.2 (x86_64-unknown-linux-gnu) using BFD version (GNU Binutils) 2.35.2]
  ignore line: [COMPILER_PATH=/nix/store/dd8swlwhpdhn6bv219562vyxhi8278hs-gcc-10.3.0-lib/lib/:/nix/store/65hafbsx91127farbmyyv4r5ifgjdg43-glibc-2.33-117/lib/:/nix/store/2qwnn6lizc9d119kp3zig3q19gbfm4n6-gcc-wrapper-10.3.0/bin/:/nix/store/6r5h4h7nqx73m87j5b9sjwy2x9kyri0k-gcc-10.3.0/libexec/gcc/x86_64-unknown-linux-gnu/10.3.0/:/nix/store/6r5h4h7nqx73m87j5b9sjwy2x9kyri0k-gcc-10.3.0/libexec/gcc/x86_64-unknown-linux-gnu/10.3.0/:/nix/store/6r5h4h7nqx73m87j5b9sjwy2x9kyri0k-gcc-10.3.0/libexec/gcc/x86_64-unknown-linux-gnu/:/nix/store/6r5h4h7nqx73m87j5b9sjwy2x9kyri0k-gcc-10.3.0/lib/gcc/x86_64-unknown-linux-gnu/10.3.0/:/nix/store/6r5h4h7nqx73m87j5b9sjwy2x9kyri0k-gcc-10.3.0/lib/gcc/x86_64-unknown-linux-gnu/]
  ignore line: [LIBRARY_PATH=/nix/store/dd8swlwhpdhn6bv219562vyxhi8278hs-gcc-10.3.0-lib/lib/:/nix/store/65hafbsx91127farbmyyv4r5ifgjdg43-glibc-2.33-117/lib/:/nix/store/2qwnn6lizc9d119kp3zig3q19gbfm4n6-gcc-wrapper-10.3.0/bin/:/nix/store/6r5h4h7nqx73m87j5b9sjwy2x9kyri0k-gcc-10.3.0/lib/gcc/x86_64-unknown-linux-gnu/10.3.0/:/nix/store/6r5h4h7nqx73m87j5b9sjwy2x9kyri0k-gcc-10.3.0/lib/gcc/x86_64-unknown-linux-gnu/10.3.0/../../../../lib64/:/nix/store/6r5h4h7nqx73m87j5b9sjwy2x9kyri0k-gcc-10.3.0/lib/gcc/x86_64-unknown-linux-gnu/10.3.0/../../../]
  ignore line: [COLLECT_GCC_OPTIONS='-fPIC' '-Wformat=1' '-Wformat-security' '-Werror=format-security' '-fstack-protector-strong' '--param=ssp-buffer-size=4' '-O2' '-D' '_FORTIFY_SOURCE=2' '-fno-strict-overflow' '-v' '-o' 'CMakeFiles/cmTC_262e4.dir/CMakeCXXCompilerABI.cpp.o' '-c' '-B' '/nix/store/dd8swlwhpdhn6bv219562vyxhi8278hs-gcc-10.3.0-lib/lib' '-B' '/nix/store/65hafbsx91127farbmyyv4r5ifgjdg43-glibc-2.33-117/lib/' '-idirafter' '/nix/store/msy4nj4gscw9csc82labx0xvh7vqlfif-glibc-2.33-117-dev/include' '-idirafter' '/nix/store/6r5h4h7nqx73m87j5b9sjwy2x9kyri0k-gcc-10.3.0/lib/gcc/x86_64-unknown-linux-gnu/10.3.0/include-fixed' '-B' '/nix/store/2qwnn6lizc9d119kp3zig3q19gbfm4n6-gcc-wrapper-10.3.0/bin/' '-frandom-seed=3yh2ssyvpw' '-isystem' '/nix/store/wxjzgaa4j0hcrir8q27yrc5psnkchhfb-raylib-4.0.0/include' '-isystem' '/nix/store/ib22103xbd8x2kj9rdz03hfvb3q4hiq1-compiler-rt-libc-7.1.0-dev/include' '-isystem' '/nix/store/wxjzgaa4j0hcrir8q27yrc5psnkchhfb-raylib-4.0.0/include' '-isystem' '/nix/store/ib22103xbd8x2kj9rdz03hfvb3q4hiq1-compiler-rt-libc-7.1.0-dev/include' '-isystem' '/nix/store/wxjzgaa4j0hcrir8q27yrc5psnkchhfb-raylib-4.0.0/include' '-isystem' '/nix/store/ib22103xbd8x2kj9rdz03hfvb3q4hiq1-compiler-rt-libc-7.1.0-dev/include' '-shared-libgcc' '-mtune=generic' '-march=x86-64' '-fcommon']
  ignore line: [Linking CXX executable cmTC_262e4]
  ignore line: [/nix/store/g9kjv17sa0afmbzkra15xr0s8wfqnwan-cmake-3.21.2/bin/cmake -E cmake_link_script CMakeFiles/cmTC_262e4.dir/link.txt --verbose=1]
  ignore line: [/nix/store/2qwnn6lizc9d119kp3zig3q19gbfm4n6-gcc-wrapper-10.3.0/bin/g++  -v CMakeFiles/cmTC_262e4.dir/CMakeCXXCompilerABI.cpp.o -o cmTC_262e4 ]
  ignore line: [Using built-in specs.]
  ignore line: [COLLECT_GCC=/nix/store/6r5h4h7nqx73m87j5b9sjwy2x9kyri0k-gcc-10.3.0/bin/g++]
  ignore line: [COLLECT_LTO_WRAPPER=/nix/store/6r5h4h7nqx73m87j5b9sjwy2x9kyri0k-gcc-10.3.0/libexec/gcc/x86_64-unknown-linux-gnu/10.3.0/lto-wrapper]
  ignore line: [Target: x86_64-unknown-linux-gnu]
  ignore line: [Configured with: ]
  ignore line: [Thread model: posix]
  ignore line: [Supported LTO compression algorithms: zlib]
  ignore line: [gcc version 10.3.0 (GCC) ]
  ignore line: [COMPILER_PATH=/nix/store/dd8swlwhpdhn6bv219562vyxhi8278hs-gcc-10.3.0-lib/lib/:/nix/store/65hafbsx91127farbmyyv4r5ifgjdg43-glibc-2.33-117/lib/:/nix/store/2qwnn6lizc9d119kp3zig3q19gbfm4n6-gcc-wrapper-10.3.0/bin/:/nix/store/6r5h4h7nqx73m87j5b9sjwy2x9kyri0k-gcc-10.3.0/libexec/gcc/x86_64-unknown-linux-gnu/10.3.0/:/nix/store/6r5h4h7nqx73m87j5b9sjwy2x9kyri0k-gcc-10.3.0/libexec/gcc/x86_64-unknown-linux-gnu/10.3.0/:/nix/store/6r5h4h7nqx73m87j5b9sjwy2x9kyri0k-gcc-10.3.0/libexec/gcc/x86_64-unknown-linux-gnu/:/nix/store/6r5h4h7nqx73m87j5b9sjwy2x9kyri0k-gcc-10.3.0/lib/gcc/x86_64-unknown-linux-gnu/10.3.0/:/nix/store/6r5h4h7nqx73m87j5b9sjwy2x9kyri0k-gcc-10.3.0/lib/gcc/x86_64-unknown-linux-gnu/]
  ignore line: [LIBRARY_PATH=/nix/store/dd8swlwhpdhn6bv219562vyxhi8278hs-gcc-10.3.0-lib/lib/:/nix/store/65hafbsx91127farbmyyv4r5ifgjdg43-glibc-2.33-117/lib/:/nix/store/2qwnn6lizc9d119kp3zig3q19gbfm4n6-gcc-wrapper-10.3.0/bin/:/nix/store/6r5h4h7nqx73m87j5b9sjwy2x9kyri0k-gcc-10.3.0/lib/gcc/x86_64-unknown-linux-gnu/10.3.0/:/nix/store/6r5h4h7nqx73m87j5b9sjwy2x9kyri0k-gcc-10.3.0/lib/gcc/x86_64-unknown-linux-gnu/10.3.0/../../../../lib64/:/nix/store/6r5h4h7nqx73m87j5b9sjwy2x9kyri0k-gcc-10.3.0/lib/gcc/x86_64-unknown-linux-gnu/10.3.0/../../../]
  ignore line: [COLLECT_GCC_OPTIONS='-fPIC' '-Wformat=1' '-Wformat-security' '-Werror=format-security' '-fstack-protector-strong' '--param=ssp-buffer-size=4' '-O2' '-D' '_FORTIFY_SOURCE=2' '-fno-strict-overflow' '-v' '-o' 'cmTC_262e4' '-B' '/nix/store/dd8swlwhpdhn6bv219562vyxhi8278hs-gcc-10.3.0-lib/lib' '-B' '/nix/store/65hafbsx91127farbmyyv4r5ifgjdg43-glibc-2.33-117/lib/' '-idirafter' '/nix/store/msy4nj4gscw9csc82labx0xvh7vqlfif-glibc-2.33-117-dev/include' '-idirafter' '/nix/store/6r5h4h7nqx73m87j5b9sjwy2x9kyri0k-gcc-10.3.0/lib/gcc/x86_64-unknown-linux-gnu/10.3.0/include-fixed' '-B' '/nix/store/2qwnn6lizc9d119kp3zig3q19gbfm4n6-gcc-wrapper-10.3.0/bin/' '-frandom-seed=3yh2ssyvpw' '-isystem' '/nix/store/wxjzgaa4j0hcrir8q27yrc5psnkchhfb-raylib-4.0.0/include' '-isystem' '/nix/store/ib22103xbd8x2kj9rdz03hfvb3q4hiq1-compiler-rt-libc-7.1.0-dev/include' '-isystem' '/nix/store/wxjzgaa4j0hcrir8q27yrc5psnkchhfb-raylib-4.0.0/include' '-isystem' '/nix/store/ib22103xbd8x2kj9rdz03hfvb3q4hiq1-compiler-rt-libc-7.1.0-dev/include' '-isystem' '/nix/store/wxjzgaa4j0hcrir8q27yrc5psnkchhfb-raylib-4.0.0/include' '-isystem' '/nix/store/ib22103xbd8x2kj9rdz03hfvb3q4hiq1-compiler-rt-libc-7.1.0-dev/include' '-L/nix/store/wxjzgaa4j0hcrir8q27yrc5psnkchhfb-raylib-4.0.0/lib' '-L/nix/store/wxjzgaa4j0hcrir8q27yrc5psnkchhfb-raylib-4.0.0/lib' '-L/nix/store/wxjzgaa4j0hcrir8q27yrc5psnkchhfb-raylib-4.0.0/lib' '-L/nix/store/65hafbsx91127farbmyyv4r5ifgjdg43-glibc-2.33-117/lib' '-L/nix/store/dd8swlwhpdhn6bv219562vyxhi8278hs-gcc-10.3.0-lib/lib' '-shared-libgcc' '-mtune=generic' '-march=x86-64' '-fcommon']
  link line: [ /nix/store/6r5h4h7nqx73m87j5b9sjwy2x9kyri0k-gcc-10.3.0/libexec/gcc/x86_64-unknown-linux-gnu/10.3.0/collect2 -plugin /nix/store/6r5h4h7nqx73m87j5b9sjwy2x9kyri0k-gcc-10.3.0/libexec/gcc/x86_64-unknown-linux-gnu/10.3.0/liblto_plugin.so -plugin-opt=/nix/store/6r5h4h7nqx73m87j5b9sjwy2x9kyri0k-gcc-10.3.0/libexec/gcc/x86_64-unknown-linux-gnu/10.3.0/lto-wrapper -plugin-opt=-fresolution=/tmp/ccCB5Kgj.res -plugin-opt=-pass-through=-lgcc_s -plugin-opt=-pass-through=-lgcc -plugin-opt=-pass-through=-lc -plugin-opt=-pass-through=-lgcc_s -plugin-opt=-pass-through=-lgcc --eh-frame-hdr -m elf_x86_64 -dynamic-linker /nix/store/65hafbsx91127farbmyyv4r5ifgjdg43-glibc-2.33-117/lib64/ld-linux-x86-64.so.2 -o cmTC_262e4 /nix/store/65hafbsx91127farbmyyv4r5ifgjdg43-glibc-2.33-117/lib/crt1.o /nix/store/65hafbsx91127farbmyyv4r5ifgjdg43-glibc-2.33-117/lib/crti.o /nix/store/6r5h4h7nqx73m87j5b9sjwy2x9kyri0k-gcc-10.3.0/lib/gcc/x86_64-unknown-linux-gnu/10.3.0/crtbegin.o -L/nix/store/wxjzgaa4j0hcrir8q27yrc5psnkchhfb-raylib-4.0.0/lib -L/nix/store/wxjzgaa4j0hcrir8q27yrc5psnkchhfb-raylib-4.0.0/lib -L/nix/store/wxjzgaa4j0hcrir8q27yrc5psnkchhfb-raylib-4.0.0/lib -L/nix/store/65hafbsx91127farbmyyv4r5ifgjdg43-glibc-2.33-117/lib -L/nix/store/dd8swlwhpdhn6bv219562vyxhi8278hs-gcc-10.3.0-lib/lib -L/nix/store/dd8swlwhpdhn6bv219562vyxhi8278hs-gcc-10.3.0-lib/lib -L/nix/store/65hafbsx91127farbmyyv4r5ifgjdg43-glibc-2.33-117/lib -L/nix/store/2qwnn6lizc9d119kp3zig3q19gbfm4n6-gcc-wrapper-10.3.0/bin -L/nix/store/6r5h4h7nqx73m87j5b9sjwy2x9kyri0k-gcc-10.3.0/lib/gcc/x86_64-unknown-linux-gnu/10.3.0 -L/nix/store/6r5h4h7nqx73m87j5b9sjwy2x9kyri0k-gcc-10.3.0/lib/gcc/x86_64-unknown-linux-gnu/10.3.0/../../../../lib64 -L/nix/store/6r5h4h7nqx73m87j5b9sjwy2x9kyri0k-gcc-10.3.0/lib/gcc/x86_64-unknown-linux-gnu/10.3.0/../../.. -dynamic-linker=/nix/store/65hafbsx91127farbmyyv4r5ifgjdg43-glibc-2.33-117/lib/ld-linux-x86-64.so.2 CMakeFiles/cmTC_262e4.dir/CMakeCXXCompilerABI.cpp.o -rpath /nix/store/3yh2ssyvpw4m3y564205w623nyrs52p5-nix-shell/lib64 -rpath /nix/store/3yh2ssyvpw4m3y564205w623nyrs52p5-nix-shell/lib -lstdc++ -lm -lgcc_s -lgcc -lc -lgcc_s -lgcc /nix/store/6r5h4h7nqx73m87j5b9sjwy2x9kyri0k-gcc-10.3.0/lib/gcc/x86_64-unknown-linux-gnu/10.3.0/crtend.o /nix/store/65hafbsx91127farbmyyv4r5ifgjdg43-glibc-2.33-117/lib/crtn.o]
    arg [/nix/store/6r5h4h7nqx73m87j5b9sjwy2x9kyri0k-gcc-10.3.0/libexec/gcc/x86_64-unknown-linux-gnu/10.3.0/collect2] ==> ignore
    arg [-plugin] ==> ignore
    arg [/nix/store/6r5h4h7nqx73m87j5b9sjwy2x9kyri0k-gcc-10.3.0/libexec/gcc/x86_64-unknown-linux-gnu/10.3.0/liblto_plugin.so] ==> ignore
    arg [-plugin-opt=/nix/store/6r5h4h7nqx73m87j5b9sjwy2x9kyri0k-gcc-10.3.0/libexec/gcc/x86_64-unknown-linux-gnu/10.3.0/lto-wrapper] ==> ignore
    arg [-plugin-opt=-fresolution=/tmp/ccCB5Kgj.res] ==> ignore
    arg [-plugin-opt=-pass-through=-lgcc_s] ==> ignore
    arg [-plugin-opt=-pass-through=-lgcc] ==> ignore
    arg [-plugin-opt=-pass-through=-lc] ==> ignore
    arg [-plugin-opt=-pass-through=-lgcc_s] ==> ignore
    arg [-plugin-opt=-pass-through=-lgcc] ==> ignore
    arg [--eh-frame-hdr] ==> ignore
    arg [-m] ==> ignore
    arg [elf_x86_64] ==> ignore
    arg [-dynamic-linker] ==> ignore
    arg [/nix/store/65hafbsx91127farbmyyv4r5ifgjdg43-glibc-2.33-117/lib64/ld-linux-x86-64.so.2] ==> ignore
    arg [-o] ==> ignore
    arg [cmTC_262e4] ==> ignore
    arg [/nix/store/65hafbsx91127farbmyyv4r5ifgjdg43-glibc-2.33-117/lib/crt1.o] ==> obj [/nix/store/65hafbsx91127farbmyyv4r5ifgjdg43-glibc-2.33-117/lib/crt1.o]
    arg [/nix/store/65hafbsx91127farbmyyv4r5ifgjdg43-glibc-2.33-117/lib/crti.o] ==> obj [/nix/store/65hafbsx91127farbmyyv4r5ifgjdg43-glibc-2.33-117/lib/crti.o]
    arg [/nix/store/6r5h4h7nqx73m87j5b9sjwy2x9kyri0k-gcc-10.3.0/lib/gcc/x86_64-unknown-linux-gnu/10.3.0/crtbegin.o] ==> obj [/nix/store/6r5h4h7nqx73m87j5b9sjwy2x9kyri0k-gcc-10.3.0/lib/gcc/x86_64-unknown-linux-gnu/10.3.0/crtbegin.o]
    arg [-L/nix/store/wxjzgaa4j0hcrir8q27yrc5psnkchhfb-raylib-4.0.0/lib] ==> dir [/nix/store/wxjzgaa4j0hcrir8q27yrc5psnkchhfb-raylib-4.0.0/lib]
    arg [-L/nix/store/wxjzgaa4j0hcrir8q27yrc5psnkchhfb-raylib-4.0.0/lib] ==> dir [/nix/store/wxjzgaa4j0hcrir8q27yrc5psnkchhfb-raylib-4.0.0/lib]
    arg [-L/nix/store/wxjzgaa4j0hcrir8q27yrc5psnkchhfb-raylib-4.0.0/lib] ==> dir [/nix/store/wxjzgaa4j0hcrir8q27yrc5psnkchhfb-raylib-4.0.0/lib]
    arg [-L/nix/store/65hafbsx91127farbmyyv4r5ifgjdg43-glibc-2.33-117/lib] ==> dir [/nix/store/65hafbsx91127farbmyyv4r5ifgjdg43-glibc-2.33-117/lib]
    arg [-L/nix/store/dd8swlwhpdhn6bv219562vyxhi8278hs-gcc-10.3.0-lib/lib] ==> dir [/nix/store/dd8swlwhpdhn6bv219562vyxhi8278hs-gcc-10.3.0-lib/lib]
    arg [-L/nix/store/dd8swlwhpdhn6bv219562vyxhi8278hs-gcc-10.3.0-lib/lib] ==> dir [/nix/store/dd8swlwhpdhn6bv219562vyxhi8278hs-gcc-10.3.0-lib/lib]
    arg [-L/nix/store/65hafbsx91127farbmyyv4r5ifgjdg43-glibc-2.33-117/lib] ==> dir [/nix/store/65hafbsx91127farbmyyv4r5ifgjdg43-glibc-2.33-117/lib]
    arg [-L/nix/store/2qwnn6lizc9d119kp3zig3q19gbfm4n6-gcc-wrapper-10.3.0/bin] ==> dir [/nix/store/2qwnn6lizc9d119kp3zig3q19gbfm4n6-gcc-wrapper-10.3.0/bin]
    arg [-L/nix/store/6r5h4h7nqx73m87j5b9sjwy2x9kyri0k-gcc-10.3.0/lib/gcc/x86_64-unknown-linux-gnu/10.3.0] ==> dir [/nix/store/6r5h4h7nqx73m87j5b9sjwy2x9kyri0k-gcc-10.3.0/lib/gcc/x86_64-unknown-linux-gnu/10.3.0]
    arg [-L/nix/store/6r5h4h7nqx73m87j5b9sjwy2x9kyri0k-gcc-10.3.0/lib/gcc/x86_64-unknown-linux-gnu/10.3.0/../../../../lib64] ==> dir [/nix/store/6r5h4h7nqx73m87j5b9sjwy2x9kyri0k-gcc-10.3.0/lib/gcc/x86_64-unknown-linux-gnu/10.3.0/../../../../lib64]
    arg [-L/nix/store/6r5h4h7nqx73m87j5b9sjwy2x9kyri0k-gcc-10.3.0/lib/gcc/x86_64-unknown-linux-gnu/10.3.0/../../..] ==> dir [/nix/store/6r5h4h7nqx73m87j5b9sjwy2x9kyri0k-gcc-10.3.0/lib/gcc/x86_64-unknown-linux-gnu/10.3.0/../../..]
    arg [-dynamic-linker=/nix/store/65hafbsx91127farbmyyv4r5ifgjdg43-glibc-2.33-117/lib/ld-linux-x86-64.so.2] ==> ignore
    arg [CMakeFiles/cmTC_262e4.dir/CMakeCXXCompilerABI.cpp.o] ==> ignore
    arg [-rpath] ==> ignore
    arg [/nix/store/3yh2ssyvpw4m3y564205w623nyrs52p5-nix-shell/lib64] ==> ignore
    arg [-rpath] ==> ignore
    arg [/nix/store/3yh2ssyvpw4m3y564205w623nyrs52p5-nix-shell/lib] ==> ignore
    arg [-lstdc++] ==> lib [stdc++]
    arg [-lm] ==> lib [m]
    arg [-lgcc_s] ==> lib [gcc_s]
    arg [-lgcc] ==> lib [gcc]
    arg [-lc] ==> lib [c]
    arg [-lgcc_s] ==> lib [gcc_s]
    arg [-lgcc] ==> lib [gcc]
    arg [/nix/store/6r5h4h7nqx73m87j5b9sjwy2x9kyri0k-gcc-10.3.0/lib/gcc/x86_64-unknown-linux-gnu/10.3.0/crtend.o] ==> obj [/nix/store/6r5h4h7nqx73m87j5b9sjwy2x9kyri0k-gcc-10.3.0/lib/gcc/x86_64-unknown-linux-gnu/10.3.0/crtend.o]
    arg [/nix/store/65hafbsx91127farbmyyv4r5ifgjdg43-glibc-2.33-117/lib/crtn.o] ==> obj [/nix/store/65hafbsx91127farbmyyv4r5ifgjdg43-glibc-2.33-117/lib/crtn.o]
  collapse library dir [/nix/store/wxjzgaa4j0hcrir8q27yrc5psnkchhfb-raylib-4.0.0/lib] ==> [/nix/store/wxjzgaa4j0hcrir8q27yrc5psnkchhfb-raylib-4.0.0/lib]
  collapse library dir [/nix/store/wxjzgaa4j0hcrir8q27yrc5psnkchhfb-raylib-4.0.0/lib] ==> [/nix/store/wxjzgaa4j0hcrir8q27yrc5psnkchhfb-raylib-4.0.0/lib]
  collapse library dir [/nix/store/wxjzgaa4j0hcrir8q27yrc5psnkchhfb-raylib-4.0.0/lib] ==> [/nix/store/wxjzgaa4j0hcrir8q27yrc5psnkchhfb-raylib-4.0.0/lib]
  collapse library dir [/nix/store/65hafbsx91127farbmyyv4r5ifgjdg43-glibc-2.33-117/lib] ==> [/nix/store/65hafbsx91127farbmyyv4r5ifgjdg43-glibc-2.33-117/lib]
  collapse library dir [/nix/store/dd8swlwhpdhn6bv219562vyxhi8278hs-gcc-10.3.0-lib/lib] ==> [/nix/store/dd8swlwhpdhn6bv219562vyxhi8278hs-gcc-10.3.0-lib/lib]
  collapse library dir [/nix/store/dd8swlwhpdhn6bv219562vyxhi8278hs-gcc-10.3.0-lib/lib] ==> [/nix/store/dd8swlwhpdhn6bv219562vyxhi8278hs-gcc-10.3.0-lib/lib]
  collapse library dir [/nix/store/65hafbsx91127farbmyyv4r5ifgjdg43-glibc-2.33-117/lib] ==> [/nix/store/65hafbsx91127farbmyyv4r5ifgjdg43-glibc-2.33-117/lib]
  collapse library dir [/nix/store/2qwnn6lizc9d119kp3zig3q19gbfm4n6-gcc-wrapper-10.3.0/bin] ==> [/nix/store/2qwnn6lizc9d119kp3zig3q19gbfm4n6-gcc-wrapper-10.3.0/bin]
  collapse library dir [/nix/store/6r5h4h7nqx73m87j5b9sjwy2x9kyri0k-gcc-10.3.0/lib/gcc/x86_64-unknown-linux-gnu/10.3.0] ==> [/nix/store/6r5h4h7nqx73m87j5b9sjwy2x9kyri0k-gcc-10.3.0/lib/gcc/x86_64-unknown-linux-gnu/10.3.0]
  collapse library dir [/nix/store/6r5h4h7nqx73m87j5b9sjwy2x9kyri0k-gcc-10.3.0/lib/gcc/x86_64-unknown-linux-gnu/10.3.0/../../../../lib64] ==> [/nix/store/6r5h4h7nqx73m87j5b9sjwy2x9kyri0k-gcc-10.3.0/lib64]
  collapse library dir [/nix/store/6r5h4h7nqx73m87j5b9sjwy2x9kyri0k-gcc-10.3.0/lib/gcc/x86_64-unknown-linux-gnu/10.3.0/../../..] ==> [/nix/store/6r5h4h7nqx73m87j5b9sjwy2x9kyri0k-gcc-10.3.0/lib]
  implicit libs: [stdc++;m;gcc_s;gcc;c;gcc_s;gcc]
  implicit objs: [/nix/store/65hafbsx91127farbmyyv4r5ifgjdg43-glibc-2.33-117/lib/crt1.o;/nix/store/65hafbsx91127farbmyyv4r5ifgjdg43-glibc-2.33-117/lib/crti.o;/nix/store/6r5h4h7nqx73m87j5b9sjwy2x9kyri0k-gcc-10.3.0/lib/gcc/x86_64-unknown-linux-gnu/10.3.0/crtbegin.o;/nix/store/6r5h4h7nqx73m87j5b9sjwy2x9kyri0k-gcc-10.3.0/lib/gcc/x86_64-unknown-linux-gnu/10.3.0/crtend.o;/nix/store/65hafbsx91127farbmyyv4r5ifgjdg43-glibc-2.33-117/lib/crtn.o]
  implicit dirs: [/nix/store/wxjzgaa4j0hcrir8q27yrc5psnkchhfb-raylib-4.0.0/lib;/nix/store/65hafbsx91127farbmyyv4r5ifgjdg43-glibc-2.33-117/lib;/nix/store/dd8swlwhpdhn6bv219562vyxhi8278hs-gcc-10.3.0-lib/lib;/nix/store/2qwnn6lizc9d119kp3zig3q19gbfm4n6-gcc-wrapper-10.3.0/bin;/nix/store/6r5h4h7nqx73m87j5b9sjwy2x9kyri0k-gcc-10.3.0/lib/gcc/x86_64-unknown-linux-gnu/10.3.0;/nix/store/6r5h4h7nqx73m87j5b9sjwy2x9kyri0k-gcc-10.3.0/lib64;/nix/store/6r5h4h7nqx73m87j5b9sjwy2x9kyri0k-gcc-10.3.0/lib]
  implicit fwks: []


